TN:
SF:/Library/Developer/CommandLineTools/SDKs/MacOSX.sdk/usr/include/___wctype.h
FNL:0,156,158
FNA:0,0,_Z8towloweri
FNF:1
FNH:0
DA:156,0
DA:158,0
LF:2
LH:0
end_of_record
TN:
SF:/Library/Developer/CommandLineTools/SDKs/MacOSX.sdk/usr/include/_ctype.h
FNL:0,140,142
FNA:0,0,_Z7isasciii
FNL:1,158,164
FNA:1,0,_Z8__istypeim
FNL:2,169,175
FNA:2,0,_Z9__isctypeim
FNL:3,235,237
FNA:3,0,_Z7iscntrli
FNL:4,242,244
FNA:4,0,_Z7isdigiti
FNL:5,272,274
FNA:5,0,_Z7isspacei
FNL:6,285,287
FNA:6,0,_Z8isxdigiti
FNL:7,303,305
FNA:7,472,_Z7toupperi
FNF:8
FNH:1
DA:140,0
DA:142,0
DA:158,0
DA:163,0
DA:164,0
DA:169,0
DA:174,0
DA:175,0
DA:235,0
DA:237,0
DA:242,0
DA:244,0
DA:272,0
DA:274,0
DA:285,0
DA:287,0
DA:303,472
DA:305,472
LF:18
LH:2
end_of_record
TN:
SF:/Library/Developer/CommandLineTools/SDKs/MacOSX.sdk/usr/include/c++/v1/__algorithm/any_of.h
FNL:0,23,28
FNA:0,54,_ZNSt3__16any_ofB8ne190102INS_11__wrap_iterIPKNS_12basic_stringIcNS_11char_traitsIcEENS_9allocatorIcEEEEEEZNK7testing8internal12_GLOBAL__N_114UnitTestFilter11MatchesNameERS8_EUlSF_E_EEbT_SH_T0_
FNA:0,12,_ZNSt3__16any_ofB8ne190102INS_11__wrap_iterIPKcEEZN7testing8internal12_GLOBAL__N_113IsGlobPatternERKNS_12basic_stringIcNS_11char_traitsIcEENS_9allocatorIcEEEEE3$_0EEbT_SH_T0_
FNF:1
FNH:1
DA:23,66
DA:24,131
DA:25,90
DA:26,25
DA:27,41
DA:28,66
LF:6
LH:6
end_of_record
TN:
SF:/Library/Developer/CommandLineTools/SDKs/MacOSX.sdk/usr/include/c++/v1/__algorithm/comp.h
FNL:0,39,40
FNA:0,0,_ZNKSt3__16__lessIvvEclB8ne190102IPKPN7testing9TestSuiteES7_EEbRKT_RKT0_
FNA:0,0,_ZNKSt3__16__lessIvvEclB8ne190102IddEEbRKT_RKT0_
FNA:0,94,_ZNKSt3__16__lessIvvEclB8ne190102ImmEEbRKT_RKT0_
FNF:1
FNH:1
DA:39,94
DA:40,94
LF:2
LH:2
end_of_record
TN:
SF:/Library/Developer/CommandLineTools/SDKs/MacOSX.sdk/usr/include/c++/v1/__algorithm/copy.h
FNL:0,101,102
FNA:0,0,_ZNKSt3__111__copy_implINS_17_ClassicAlgPolicyEEclB8ne190102IN7testing8internal13edit_distance8EditTypeES7_Li0EEENS_4pairIPT_PT0_EESA_SA_SC_
FNA:0,0,_ZNKSt3__111__copy_implINS_17_ClassicAlgPolicyEEclB8ne190102IddLi0EEENS_4pairIPT_PT0_EES6_S6_S8_
FNL:1,108,110
FNA:1,0,_ZNSt3__16__copyB8ne190102INS_17_ClassicAlgPolicyEPN7testing8internal13edit_distance8EditTypeES6_S6_EENS_4pairIT0_T2_EES8_T1_S9_
FNA:1,0,_ZNSt3__16__copyB8ne190102INS_17_ClassicAlgPolicyEPdS2_S2_EENS_4pairIT0_T2_EES4_T1_S5_
FNL:2,115,116
FNA:2,0,_ZNSt3__14copyB8ne190102IPN7testing8internal13edit_distance8EditTypeES5_EET0_T_S7_S6_
FNA:2,0,_ZNSt3__14copyB8ne190102IPdS1_EET0_T_S3_S2_
FNF:3
FNH:0
DA:101,0
DA:102,0
DA:108,0
DA:109,0
DA:110,0
DA:115,0
DA:116,0
LF:7
LH:0
end_of_record
TN:
SF:/Library/Developer/CommandLineTools/SDKs/MacOSX.sdk/usr/include/c++/v1/__algorithm/copy_move_common.h
FNL:0,62,67
FNA:0,0,_ZNSt3__119__copy_trivial_implB8ne190102IN7testing8internal13edit_distance8EditTypeES4_EENS_4pairIPT_PT0_EES7_S7_S9_
FNA:0,0,_ZNSt3__119__copy_trivial_implB8ne190102IPN7testing17TestEventListenerES3_EENS_4pairIPT_PT0_EES6_S6_S8_
FNA:0,0,_ZNSt3__119__copy_trivial_implB8ne190102IPN7testing8TestInfoES3_EENS_4pairIPT_PT0_EES6_S6_S8_
FNA:0,0,_ZNSt3__119__copy_trivial_implB8ne190102IPN7testing9TestSuiteES3_EENS_4pairIPT_PT0_EES6_S6_S8_
FNA:0,0,_ZNSt3__119__copy_trivial_implB8ne190102IddEENS_4pairIPT_PT0_EES3_S3_S5_
FNL:1,72,78
FNA:1,0,_ZNSt3__128__copy_backward_trivial_implB8ne190102IPN7testing8TestInfoES3_EENS_4pairIPT_PT0_EES6_S6_S8_
FNA:1,0,_ZNSt3__128__copy_backward_trivial_implB8ne190102IPN7testing9TestSuiteES3_EENS_4pairIPT_PT0_EES6_S6_S8_
FNL:2,93,97
FNA:2,0,_ZNSt3__124__copy_move_unwrap_itersB8ne190102INS_11__copy_implINS_17_ClassicAlgPolicyEEEPN7testing8internal13edit_distance8EditTypeES8_S8_Li0EEENS_4pairIT0_T2_EESA_T1_SB_
FNA:2,0,_ZNSt3__124__copy_move_unwrap_itersB8ne190102INS_11__copy_implINS_17_ClassicAlgPolicyEEEPdS4_S4_Li0EEENS_4pairIT0_T2_EES6_T1_S7_
FNA:2,7,_ZNSt3__124__copy_move_unwrap_itersB8ne190102INS_11__move_implINS_17_ClassicAlgPolicyEEENS_11__wrap_iterIPNS_12basic_stringIcNS_11char_traitsIcEENS_9allocatorIcEEEEEESC_NS_15insert_iteratorINS_13unordered_setISA_NS_4hashISA_EENS_8equal_toISA_EENS8_ISA_EEEEEELi0EEENS_4pairIT0_T2_EESN_T1_SO_
FNA:2,7,_ZNSt3__124__copy_move_unwrap_itersB8ne190102INS_11__move_implINS_17_ClassicAlgPolicyEEENS_11__wrap_iterIPNS_12basic_stringIcNS_11char_traitsIcEENS_9allocatorIcEEEEEESC_NS_15insert_iteratorINS_6vectorISA_NS8_ISA_EEEEEELi0EEENS_4pairIT0_T2_EESJ_T1_SK_
FNA:2,0,_ZNSt3__124__copy_move_unwrap_itersB8ne190102INS_11__move_implINS_17_ClassicAlgPolicyEEENS_11__wrap_iterIPPN7testing8TestInfoEEES9_S9_Li0EEENS_4pairIT0_T2_EESB_T1_SC_
FNA:2,0,_ZNSt3__124__copy_move_unwrap_itersB8ne190102INS_11__move_implINS_17_ClassicAlgPolicyEEENS_16reverse_iteratorIPPN7testing8TestInfoEEES9_NS4_INS_11__wrap_iterIS8_EEEELi0EEENS_4pairIT0_T2_EESE_T1_SF_
FNA:2,0,_ZNSt3__124__copy_move_unwrap_itersB8ne190102INS_11__move_implINS_17_ClassicAlgPolicyEEEPNS_12basic_stringIcNS_11char_traitsIcEENS_9allocatorIcEEEESA_SA_Li0EEENS_4pairIT0_T2_EESC_T1_SD_
FNA:2,0,_ZNSt3__124__copy_move_unwrap_itersB8ne190102INS_11__move_implINS_17_ClassicAlgPolicyEEEPPN7testing17TestEventListenerES7_S7_Li0EEENS_4pairIT0_T2_EES9_T1_SA_
FNA:2,0,_ZNSt3__124__copy_move_unwrap_itersB8ne190102INS_11__move_implINS_17_ClassicAlgPolicyEEEPPN7testing8TestInfoES7_NS_11__wrap_iterIS7_EELi0EEENS_4pairIT0_T2_EESB_T1_SC_
FNA:2,0,_ZNSt3__124__copy_move_unwrap_itersB8ne190102INS_11__move_implINS_17_ClassicAlgPolicyEEEPPN7testing9TestSuiteES7_S7_Li0EEENS_4pairIT0_T2_EES9_T1_SA_
FNA:2,0,_ZNSt3__124__copy_move_unwrap_itersB8ne190102INS_20__move_backward_implINS_17_ClassicAlgPolicyEEENS_11__wrap_iterIPPN7testing8TestInfoEEES9_S9_Li0EEENS_4pairIT0_T2_EESB_T1_SC_
FNA:2,0,_ZNSt3__124__copy_move_unwrap_itersB8ne190102INS_20__move_backward_implINS_17_ClassicAlgPolicyEEEPNS_12basic_stringIcNS_11char_traitsIcEENS_9allocatorIcEEEESA_SA_Li0EEENS_4pairIT0_T2_EESC_T1_SD_
FNA:2,0,_ZNSt3__124__copy_move_unwrap_itersB8ne190102INS_20__move_backward_implINS_17_ClassicAlgPolicyEEEPPN7testing9TestSuiteES7_S7_Li0EEENS_4pairIT0_T2_EES9_T1_SA_
FNF:3
FNH:1
DA:62,0
DA:63,0
DA:65,0
DA:67,0
DA:72,0
DA:73,0
DA:74,0
DA:76,0
DA:78,0
DA:93,14
DA:94,14
DA:95,14
DA:96,28
DA:97,14
LF:14
LH:5
end_of_record
TN:
SF:/Library/Developer/CommandLineTools/SDKs/MacOSX.sdk/usr/include/c++/v1/__algorithm/fill_n.h
FNL:0,82,85
FNA:0,13,_ZNSt3__18__fill_nB8ne190102IPcmcEET_S2_T0_RKT1_
FNL:1,90,91
FNA:1,13,_ZNSt3__16fill_nB8ne190102IPcmcEET_S2_T0_RKT1_
FNF:2
FNH:2
DA:82,13
DA:83,26
DA:84,13
DA:85,13
DA:90,13
DA:91,13
LF:6
LH:6
end_of_record
TN:
SF:/Library/Developer/CommandLineTools/SDKs/MacOSX.sdk/usr/include/c++/v1/__algorithm/find.h
FNL:0,175,178
FNA:0,0,_ZNSt3__14findB8ne190102INS_11__wrap_iterIPKNS_12basic_stringIcNS_11char_traitsIcEENS_9allocatorIcEEEEEES7_EET_SB_SB_RKT0_
FNL:1,46,50
FNA:1,0,_ZNSt3__16__findB8ne190102IPKNS_12basic_stringIcNS_11char_traitsIcEENS_9allocatorIcEEEES8_S6_NS_10__identityEEET_SA_T0_RKT1_RT2_
FNF:2
FNH:0
DA:46,0
DA:47,0
DA:48,0
DA:49,0
DA:50,0
DA:175,0
DA:177,0
DA:178,0
LF:8
LH:0
end_of_record
TN:
SF:/Library/Developer/CommandLineTools/SDKs/MacOSX.sdk/usr/include/c++/v1/__algorithm/find_if.h
FNL:0,23,27
FNA:0,0,_ZNSt3__17find_ifB8ne190102INS_11__wrap_iterIPN7testing12TestPropertyEEENS2_8internal17TestPropertyKeyIsEEET_S8_S8_T0_
FNF:1
FNH:0
DA:23,0
DA:24,0
DA:25,0
DA:26,0
DA:27,0
LF:5
LH:0
end_of_record
TN:
SF:/Library/Developer/CommandLineTools/SDKs/MacOSX.sdk/usr/include/c++/v1/__algorithm/for_each.h
FNL:0,32,35
FNA:0,2,_ZNSt3__18for_eachB8ne190102INS_11__wrap_iterIPKPN7testing11EnvironmentEEEPFvS4_EEET0_T_SB_SA_
FNA:0,0,_ZNSt3__18for_eachB8ne190102INS_11__wrap_iterIPKPN7testing17TestEventListenerEEEPFvS4_EEET0_T_SB_SA_
FNA:0,4,_ZNSt3__18for_eachB8ne190102INS_11__wrap_iterIPKPN7testing8TestInfoEEEPFvS4_EEET0_T_SB_SA_
FNA:0,1,_ZNSt3__18for_eachB8ne190102INS_11__wrap_iterIPKPN7testing9TestSuiteEEEPFvS4_EEET0_T_SB_SA_
FNA:0,1,_ZNSt3__18for_eachB8ne190102INS_16reverse_iteratorINS_11__wrap_iterIPPN7testing11EnvironmentEEEEEPFvS5_EEET0_T_SC_SB_
FNF:1
FNH:1
DA:32,8
DA:33,24
DA:34,16
DA:35,8
LF:4
LH:4
end_of_record
TN:
SF:/Library/Developer/CommandLineTools/SDKs/MacOSX.sdk/usr/include/c++/v1/__algorithm/half_positive.h
FNL:0,26,27
FNA:0,0,_ZNSt3__115__half_positiveB8ne190102IlLi0EEET_S1_
FNF:1
FNH:0
DA:26,0
DA:27,0
LF:2
LH:0
end_of_record
TN:
SF:/Library/Developer/CommandLineTools/SDKs/MacOSX.sdk/usr/include/c++/v1/__algorithm/inplace_merge.h
FNL:0,126,204
FNA:0,0,_ZNSt3__115__inplace_mergeINS_17_ClassicAlgPolicyERZN7testing9TestSuite3RunEvE3$_0NS_11__wrap_iterIPPNS2_8TestInfoEEEEEvT1_SB_SB_OT0_NS_15iterator_traitsISB_E15difference_typeESG_PNSF_10value_typeEl
FNL:1,50,50
FNA:1,0,_ZNSt3__18__invertIRZN7testing9TestSuite3RunEvE3$_0EC1B8ne190102ES4_
FNA:1,0,_ZNSt3__18__invertIRZN7testing9TestSuite3RunEvE3$_0EC2B8ne190102ES4_
FNL:2,58,59
FNA:2,0,_ZNSt3__18__invertIRZN7testing9TestSuite3RunEvE3$_0EclB8ne190102IPNS1_8TestInfoES8_EEbRKT_RKT0_
FNL:3,70,92
FNA:3,0,_ZNSt3__120__half_inplace_mergeB8ne190102INS_17_ClassicAlgPolicyENS_8__invertIRZN7testing9TestSuite3RunEvE3$_0EENS_16reverse_iteratorIPPNS3_8TestInfoEEESC_NS8_INS_11__wrap_iterISB_EEEESF_SF_EEvT1_T2_T3_T4_T5_OT0_
FNA:3,0,_ZNSt3__120__half_inplace_mergeB8ne190102INS_17_ClassicAlgPolicyERZN7testing9TestSuite3RunEvE3$_0PPNS2_8TestInfoES8_NS_11__wrap_iterIS8_EESA_SA_EEvT1_T2_T3_T4_T5_OT0_
FNL:4,95,123
FNA:4,0,_ZNSt3__124__buffered_inplace_mergeB8ne190102INS_17_ClassicAlgPolicyERZN7testing9TestSuite3RunEvE3$_0NS_11__wrap_iterIPPNS2_8TestInfoEEEEEvT1_SB_SB_OT0_NS_15iterator_traitsISB_E15difference_typeESG_PNSF_10value_typeE
FNF:5
FNH:0
DA:50,0
DA:58,0
DA:59,0
DA:70,0
DA:77,0
DA:78,0
DA:79,0
DA:80,0
DA:83,0
DA:84,0
DA:85,0
DA:86,0
DA:87,0
DA:88,0
DA:90,0
DA:92,0
DA:95,0
DA:104,0
DA:105,0
DA:106,0
DA:107,0
DA:108,0
DA:109,0
DA:110,0
DA:111,0
DA:112,0
DA:113,0
DA:114,0
DA:115,0
DA:116,0
DA:120,0
DA:121,0
DA:123,0
DA:126,0
DA:138,0
DA:140,0
DA:141,0
DA:142,0
DA:143,0
DA:145,0
DA:146,0
DA:147,0
DA:148,0
DA:149,0
DA:150,0
DA:159,0
DA:160,0
DA:164,0
DA:165,0
DA:166,0
DA:167,0
DA:168,0
DA:169,0
DA:170,0
DA:171,0
DA:173,0
DA:174,0
DA:177,0
DA:178,0
DA:179,0
DA:180,0
DA:181,0
DA:183,0
DA:184,0
DA:187,0
DA:190,0
DA:191,0
DA:192,0
DA:193,0
DA:194,0
DA:195,0
DA:196,0
DA:197,0
DA:198,0
DA:199,0
DA:200,0
DA:201,0
DA:204,0
LF:78
LH:0
end_of_record
TN:
SF:/Library/Developer/CommandLineTools/SDKs/MacOSX.sdk/usr/include/c++/v1/__algorithm/iter_swap.h
FNL:0,23,27
FNA:0,0,_ZNSt3__19iter_swapB8ne190102INS_11__wrap_iterIPN7testing8internal13edit_distance8EditTypeEEES7_EEvT_T0_
FNA:0,0,_ZNSt3__19iter_swapB8ne190102INS_11__wrap_iterIPNS_12basic_stringIcNS_11char_traitsIcEENS_9allocatorIcEEEEEES9_EEvT_T0_
FNA:0,0,_ZNSt3__19iter_swapB8ne190102INS_11__wrap_iterIPPN7testing8TestInfoEEES6_EEvT_T0_
FNF:1
FNH:0
DA:23,0
DA:26,0
DA:27,0
LF:3
LH:0
end_of_record
TN:
SF:/Library/Developer/CommandLineTools/SDKs/MacOSX.sdk/usr/include/c++/v1/__algorithm/iterator_operations.h
FNL:0,103,109
FNA:0,0,_ZNSt3__18_IterOpsINS_17_ClassicAlgPolicyEE25__validate_iter_referenceB8ne190102IRNS_11__wrap_iterIPPN7testing8TestInfoEEEEEvv
FNA:0,0,_ZNSt3__18_IterOpsINS_17_ClassicAlgPolicyEE25__validate_iter_referenceB8ne190102IRNS_16reverse_iteratorINS_11__wrap_iterIPPN7testing8TestInfoEEEEEEEvv
FNA:0,0,_ZNSt3__18_IterOpsINS_17_ClassicAlgPolicyEE25__validate_iter_referenceB8ne190102IRNS_16reverse_iteratorIPPN7testing8TestInfoEEEEEvv
FNA:0,12,_ZNSt3__18_IterOpsINS_17_ClassicAlgPolicyEE25__validate_iter_referenceB8ne190102IRPNS_12basic_stringIcNS_11char_traitsIcEENS_9allocatorIcEEEEEEvv
FNA:0,0,_ZNSt3__18_IterOpsINS_17_ClassicAlgPolicyEE25__validate_iter_referenceB8ne190102IRPPN7testing8TestInfoEEEvv
FNL:1,117,120
FNA:1,0,_ZNSt3__18_IterOpsINS_17_ClassicAlgPolicyEE11__iter_moveB8ne190102IRNS_11__wrap_iterIPPN7testing8TestInfoEEELi0EEEDTclsr3stdE4movedeclsr3stdE7declvalIRT_EEEEOSB_
FNA:1,0,_ZNSt3__18_IterOpsINS_17_ClassicAlgPolicyEE11__iter_moveB8ne190102IRNS_16reverse_iteratorINS_11__wrap_iterIPPN7testing8TestInfoEEEEELi0EEEDTclsr3stdE4movedeclsr3stdE7declvalIRT_EEEEOSD_
FNA:1,0,_ZNSt3__18_IterOpsINS_17_ClassicAlgPolicyEE11__iter_moveB8ne190102IRNS_16reverse_iteratorIPPN7testing8TestInfoEEELi0EEEDTclsr3stdE4movedeclsr3stdE7declvalIRT_EEEEOSB_
FNA:1,12,_ZNSt3__18_IterOpsINS_17_ClassicAlgPolicyEE11__iter_moveB8ne190102IRPNS_12basic_stringIcNS_11char_traitsIcEENS_9allocatorIcEEEELi0EEEDTclsr3stdE4movedeclsr3stdE7declvalIRT_EEEEOSC_
FNA:1,0,_ZNSt3__18_IterOpsINS_17_ClassicAlgPolicyEE11__iter_moveB8ne190102IRPPN7testing8TestInfoELi0EEEDTclsr3stdE4movedeclsr3stdE7declvalIRT_EEEEOS9_
FNL:2,137,139
FNA:2,0,_ZNSt3__18_IterOpsINS_17_ClassicAlgPolicyEE9iter_swapB8ne190102IRNS_11__wrap_iterIPN7testing8internal13edit_distance8EditTypeEEESB_EEvOT_OT0_
FNA:2,0,_ZNSt3__18_IterOpsINS_17_ClassicAlgPolicyEE9iter_swapB8ne190102IRNS_11__wrap_iterIPNS_12basic_stringIcNS_11char_traitsIcEENS_9allocatorIcEEEEEESD_EEvOT_OT0_
FNA:2,0,_ZNSt3__18_IterOpsINS_17_ClassicAlgPolicyEE9iter_swapB8ne190102IRNS_11__wrap_iterIPPN7testing8TestInfoEEESA_EEvOT_OT0_
FNL:3,143,144
FNA:3,7,_ZNSt3__18_IterOpsINS_17_ClassicAlgPolicyEE4nextB8ne190102INS_11__wrap_iterIPNS_12basic_stringIcNS_11char_traitsIcEENS_9allocatorIcEEEEEEEET_SD_SD_
FNA:3,0,_ZNSt3__18_IterOpsINS_17_ClassicAlgPolicyEE4nextB8ne190102INS_11__wrap_iterIPPN7testing8TestInfoEEEEET_SA_SA_
FNA:3,0,_ZNSt3__18_IterOpsINS_17_ClassicAlgPolicyEE4nextB8ne190102IPNS_12basic_stringIcNS_11char_traitsIcEENS_9allocatorIcEEEEEET_SB_SB_
FNL:4,149,150
FNA:4,0,_ZNSt3__18_IterOpsINS_17_ClassicAlgPolicyEE4nextB8ne190102IRNS_11__wrap_iterIPPN7testing8TestInfoEEEEEu14__remove_cvrefIT_EOSB_NS_15iterator_traitsISC_E15difference_typeE
FNL:5,156,157
FNA:5,0,_ZNSt3__18_IterOpsINS_17_ClassicAlgPolicyEE4prevB8ne190102IRNS_11__wrap_iterIPPN7testing8TestInfoEEEEEu14__remove_cvrefIT_EOSB_NS_15iterator_traitsISC_E15difference_typeE
FNL:6,85,87
FNA:6,0,_ZNSt3__18_IterOpsINS_17_ClassicAlgPolicyEE7advanceB8ne190102INS_11__wrap_iterIPPN7testing8TestInfoEEElEEvRT_T0_
FNL:7,92,93
FNA:7,0,_ZNSt3__18_IterOpsINS_17_ClassicAlgPolicyEE8distanceB8ne190102INS_11__wrap_iterIPPN7testing8TestInfoEEEEENS_15iterator_traitsIT_E15difference_typeESB_SB_
FNF:8
FNH:3
DA:85,0
DA:86,0
DA:87,0
DA:92,0
DA:93,0
DA:103,12
DA:109,12
DA:117,12
DA:118,12
DA:120,12
DA:137,0
DA:138,0
DA:139,0
DA:143,7
DA:144,7
DA:149,0
DA:150,0
DA:156,0
DA:157,0
LF:19
LH:7
end_of_record
TN:
SF:/Library/Developer/CommandLineTools/SDKs/MacOSX.sdk/usr/include/c++/v1/__algorithm/lower_bound.h
FNL:0,31,48
FNA:0,0,_ZNSt3__123__lower_bound_bisectingB8ne190102INS_17_ClassicAlgPolicyENS_11__wrap_iterIPPN7testing8TestInfoEEES5_NS_10__identityEZNS3_9TestSuite3RunEvE3$_0EET0_SB_RKT1_NS_15iterator_traitsISB_E15difference_typeERT3_RT2_
FNL:1,88,90
FNA:1,0,_ZNSt3__113__lower_boundB8ne190102INS_17_ClassicAlgPolicyENS_11__wrap_iterIPPN7testing8TestInfoEEES7_S5_NS_10__identityEZNS3_9TestSuite3RunEvE3$_0EET0_SB_T1_RKT2_RT4_RT3_
FNL:2,95,98
FNA:2,0,_ZNSt3__111lower_boundB8ne190102INS_11__wrap_iterIPPN7testing8TestInfoEEES4_ZNS2_9TestSuite3RunEvE3$_0EET_S9_S9_RKT0_T1_
FNF:3
FNH:0
DA:31,0
DA:37,0
DA:38,0
DA:39,0
DA:40,0
DA:41,0
DA:42,0
DA:43,0
DA:44,0
DA:45,0
DA:48,0
DA:88,0
DA:89,0
DA:90,0
DA:95,0
DA:97,0
DA:98,0
LF:17
LH:0
end_of_record
TN:
SF:/Library/Developer/CommandLineTools/SDKs/MacOSX.sdk/usr/include/c++/v1/__algorithm/max.h
FNL:0,29,30
FNA:0,44,_ZNSt3__13maxB8ne190102ImNS_6__lessIvvEEEERKT_S5_S5_T0_
FNL:1,35,36
FNA:1,44,_ZNSt3__13maxB8ne190102ImEERKT_S3_S3_
FNF:2
FNH:2
DA:29,44
DA:30,44
DA:35,44
DA:36,44
LF:4
LH:4
end_of_record
TN:
SF:/Library/Developer/CommandLineTools/SDKs/MacOSX.sdk/usr/include/c++/v1/__algorithm/min.h
FNL:0,29,30
FNA:0,0,_ZNSt3__13minB8ne190102IdNS_6__lessIvvEEEERKT_S5_S5_T0_
FNA:0,50,_ZNSt3__13minB8ne190102ImNS_6__lessIvvEEEERKT_S5_S5_T0_
FNL:1,35,36
FNA:1,0,_ZNSt3__13minB8ne190102IdEERKT_S3_S3_
FNA:1,50,_ZNSt3__13minB8ne190102ImEERKT_S3_S3_
FNF:2
FNH:2
DA:29,50
DA:30,50
DA:35,50
DA:36,50
LF:4
LH:4
end_of_record
TN:
SF:/Library/Developer/CommandLineTools/SDKs/MacOSX.sdk/usr/include/c++/v1/__algorithm/move.h
FNL:0,102,103
FNA:0,0,_ZNKSt3__111__move_implINS_17_ClassicAlgPolicyEEclB8ne190102IPN7testing17TestEventListenerES6_Li0EEENS_4pairIPT_PT0_EES9_S9_SB_
FNA:0,0,_ZNKSt3__111__move_implINS_17_ClassicAlgPolicyEEclB8ne190102IPN7testing8TestInfoES6_Li0EEENS_4pairIPT_PT0_EES9_S9_SB_
FNA:0,0,_ZNKSt3__111__move_implINS_17_ClassicAlgPolicyEEclB8ne190102IPN7testing9TestSuiteES6_Li0EEENS_4pairIPT_PT0_EES9_S9_SB_
FNL:1,109,111
FNA:1,7,_ZNSt3__16__moveB8ne190102INS_17_ClassicAlgPolicyENS_11__wrap_iterIPNS_12basic_stringIcNS_11char_traitsIcEENS_9allocatorIcEEEEEESA_NS_15insert_iteratorINS_13unordered_setIS8_NS_4hashIS8_EENS_8equal_toIS8_EENS6_IS8_EEEEEEEENS_4pairIT0_T2_EESL_T1_SM_
FNA:1,7,_ZNSt3__16__moveB8ne190102INS_17_ClassicAlgPolicyENS_11__wrap_iterIPNS_12basic_stringIcNS_11char_traitsIcEENS_9allocatorIcEEEEEESA_NS_15insert_iteratorINS_6vectorIS8_NS6_IS8_EEEEEEEENS_4pairIT0_T2_EESH_T1_SI_
FNA:1,0,_ZNSt3__16__moveB8ne190102INS_17_ClassicAlgPolicyENS_11__wrap_iterIPPN7testing8TestInfoEEES7_S7_EENS_4pairIT0_T2_EES9_T1_SA_
FNA:1,0,_ZNSt3__16__moveB8ne190102INS_17_ClassicAlgPolicyENS_16reverse_iteratorIPPN7testing8TestInfoEEES7_NS2_INS_11__wrap_iterIS6_EEEEEENS_4pairIT0_T2_EESC_T1_SD_
FNA:1,0,_ZNSt3__16__moveB8ne190102INS_17_ClassicAlgPolicyEPNS_12basic_stringIcNS_11char_traitsIcEENS_9allocatorIcEEEES8_S8_EENS_4pairIT0_T2_EESA_T1_SB_
FNA:1,0,_ZNSt3__16__moveB8ne190102INS_17_ClassicAlgPolicyEPPN7testing17TestEventListenerES5_S5_EENS_4pairIT0_T2_EES7_T1_S8_
FNA:1,0,_ZNSt3__16__moveB8ne190102INS_17_ClassicAlgPolicyEPPN7testing8TestInfoES5_NS_11__wrap_iterIS5_EEEENS_4pairIT0_T2_EES9_T1_SA_
FNA:1,0,_ZNSt3__16__moveB8ne190102INS_17_ClassicAlgPolicyEPPN7testing9TestSuiteES5_S5_EENS_4pairIT0_T2_EES7_T1_S8_
FNL:2,116,120
FNA:2,7,_ZNSt3__14moveB8ne190102INS_11__wrap_iterIPNS_12basic_stringIcNS_11char_traitsIcEENS_9allocatorIcEEEEEENS_15insert_iteratorINS_13unordered_setIS7_NS_4hashIS7_EENS_8equal_toIS7_EENS5_IS7_EEEEEEEET0_T_SK_SJ_
FNA:2,7,_ZNSt3__14moveB8ne190102INS_11__wrap_iterIPNS_12basic_stringIcNS_11char_traitsIcEENS_9allocatorIcEEEEEENS_15insert_iteratorINS_6vectorIS7_NS5_IS7_EEEEEEEET0_T_SG_SF_
FNA:2,0,_ZNSt3__14moveB8ne190102IPNS_12basic_stringIcNS_11char_traitsIcEENS_9allocatorIcEEEES7_EET0_T_S9_S8_
FNA:2,0,_ZNSt3__14moveB8ne190102IPPN7testing17TestEventListenerES4_EET0_T_S6_S5_
FNA:2,0,_ZNSt3__14moveB8ne190102IPPN7testing9TestSuiteES4_EET0_T_S6_S5_
FNL:3,40,46
FNA:3,0,_ZNKSt3__111__move_implINS_17_ClassicAlgPolicyEEclB8ne190102INS_16reverse_iteratorIPPN7testing8TestInfoEEES9_NS4_INS_11__wrap_iterIS8_EEEEEENS_4pairIT_T1_EESE_T0_SF_
FNA:3,7,_ZNKSt3__111__move_implINS_17_ClassicAlgPolicyEEclB8ne190102IPNS_12basic_stringIcNS_11char_traitsIcEENS_9allocatorIcEEEESA_NS_15insert_iteratorINS_13unordered_setIS9_NS_4hashIS9_EENS_8equal_toIS9_EENS7_IS9_EEEEEEEENS_4pairIT_T1_EESL_T0_SM_
FNA:3,7,_ZNKSt3__111__move_implINS_17_ClassicAlgPolicyEEclB8ne190102IPNS_12basic_stringIcNS_11char_traitsIcEENS_9allocatorIcEEEESA_NS_15insert_iteratorINS_6vectorIS9_NS7_IS9_EEEEEEEENS_4pairIT_T1_EESH_T0_SI_
FNA:3,0,_ZNKSt3__111__move_implINS_17_ClassicAlgPolicyEEclB8ne190102IPNS_12basic_stringIcNS_11char_traitsIcEENS_9allocatorIcEEEESA_SA_EENS_4pairIT_T1_EESC_T0_SD_
FNF:4
FNH:3
DA:40,14
DA:41,26
DA:42,12
DA:43,12
DA:44,12
DA:46,14
DA:102,0
DA:103,0
DA:109,14
DA:110,14
DA:111,14
DA:116,14
DA:120,14
LF:13
LH:11
end_of_record
TN:
SF:/Library/Developer/CommandLineTools/SDKs/MacOSX.sdk/usr/include/c++/v1/__algorithm/move_backward.h
FNL:0,111,112
FNA:0,0,_ZNKSt3__120__move_backward_implINS_17_ClassicAlgPolicyEEclB8ne190102IPN7testing8TestInfoES6_Li0EEENS_4pairIPT_PT0_EES9_S9_SB_
FNA:0,0,_ZNKSt3__120__move_backward_implINS_17_ClassicAlgPolicyEEclB8ne190102IPN7testing9TestSuiteES6_Li0EEENS_4pairIPT_PT0_EES9_S9_SB_
FNL:1,118,124
FNA:1,0,_ZNSt3__115__move_backwardB8ne190102INS_17_ClassicAlgPolicyENS_11__wrap_iterIPPN7testing8TestInfoEEES7_S7_EENS_4pairIT0_T2_EES9_T1_SA_
FNA:1,0,_ZNSt3__115__move_backwardB8ne190102INS_17_ClassicAlgPolicyEPNS_12basic_stringIcNS_11char_traitsIcEENS_9allocatorIcEEEES8_S8_EENS_4pairIT0_T2_EESA_T1_SB_
FNA:1,0,_ZNSt3__115__move_backwardB8ne190102INS_17_ClassicAlgPolicyEPPN7testing9TestSuiteES5_S5_EENS_4pairIT0_T2_EES7_T1_S8_
FNL:2,129,130
FNA:2,0,_ZNSt3__113move_backwardB8ne190102IPNS_12basic_stringIcNS_11char_traitsIcEENS_9allocatorIcEEEES7_EET0_T_S9_S8_
FNA:2,0,_ZNSt3__113move_backwardB8ne190102IPPN7testing9TestSuiteES4_EET0_T_S6_S5_
FNL:3,39,47
FNA:3,0,_ZNKSt3__120__move_backward_implINS_17_ClassicAlgPolicyEEclB8ne190102IPNS_12basic_stringIcNS_11char_traitsIcEENS_9allocatorIcEEEESA_SA_EENS_4pairIT_T1_EESC_T0_SD_
FNF:4
FNH:0
DA:39,0
DA:40,0
DA:41,0
DA:43,0
DA:44,0
DA:47,0
DA:111,0
DA:112,0
DA:118,0
DA:123,0
DA:124,0
DA:129,0
DA:130,0
LF:13
LH:0
end_of_record
TN:
SF:/Library/Developer/CommandLineTools/SDKs/MacOSX.sdk/usr/include/c++/v1/__algorithm/partition.h
FNL:0,50,69
FNA:0,7,_ZNSt3__116__partition_implB8ne190102IRPFbRKNS_12basic_stringIcNS_11char_traitsIcEENS_9allocatorIcEEEEENS_17_ClassicAlgPolicyENS_11__wrap_iterIPS6_EESF_EENS_4pairIT1_SH_EESH_T2_T_NS_26bidirectional_iterator_tagE
FNL:1,73,75
FNA:1,7,_ZNSt3__111__partitionB8ne190102INS_17_ClassicAlgPolicyENS_11__wrap_iterIPNS_12basic_stringIcNS_11char_traitsIcEENS_9allocatorIcEEEEEESA_RPFbRKS8_ENS_26random_access_iterator_tagEEENS_4pairIT0_SI_EESI_T1_OT2_T3_
FNL:2,80,83
FNA:2,7,_ZNSt3__19partitionB8ne190102INS_11__wrap_iterIPNS_12basic_stringIcNS_11char_traitsIcEENS_9allocatorIcEEEEEEPFbRKS7_EEET_SE_SE_T0_
FNF:3
FNH:3
DA:50,7
DA:51,7
DA:52,7
DA:54,7
DA:55,19
DA:56,19
DA:57,7
DA:58,12
DA:59,0
DA:60,12
DA:62,0
DA:63,0
DA:64,0
DA:65,0
DA:66,0
DA:67,0
DA:69,7
DA:73,7
DA:74,7
DA:75,7
DA:80,7
DA:82,7
DA:83,7
LF:23
LH:16
end_of_record
TN:
SF:/Library/Developer/CommandLineTools/SDKs/MacOSX.sdk/usr/include/c++/v1/__algorithm/reverse.h
FNL:0,40,44
FNA:0,0,_ZNSt3__114__reverse_implB8ne190102INS_17_ClassicAlgPolicyENS_11__wrap_iterIPN7testing8internal13edit_distance8EditTypeEEEEEvT0_S9_NS_26random_access_iterator_tagE
FNL:1,47,50
FNA:1,0,_ZNSt3__19__reverseB8ne190102INS_17_ClassicAlgPolicyENS_11__wrap_iterIPN7testing8internal13edit_distance8EditTypeEEES8_EEvT0_T1_
FNL:2,54,56
FNA:2,0,_ZNSt3__17reverseB8ne190102INS_11__wrap_iterIPN7testing8internal13edit_distance8EditTypeEEEEEvT_S8_
FNF:3
FNH:0
DA:40,0
DA:41,0
DA:42,0
DA:43,0
DA:44,0
DA:47,0
DA:49,0
DA:50,0
DA:54,0
DA:55,0
DA:56,0
LF:11
LH:0
end_of_record
TN:
SF:/Library/Developer/CommandLineTools/SDKs/MacOSX.sdk/usr/include/c++/v1/__algorithm/rotate.h
FNL:0,155,169
FNA:0,0,_ZNSt3__113__rotate_implB8ne190102INS_17_ClassicAlgPolicyENS_11__wrap_iterIPPN7testing8TestInfoEEEEET0_S8_S8_S8_NS_26random_access_iterator_tagE
FNL:1,173,186
FNA:1,0,_ZNSt3__18__rotateB8ne190102INS_17_ClassicAlgPolicyENS_11__wrap_iterIPPN7testing8TestInfoEEES7_EENS_4pairIT0_S9_EES9_S9_T1_
FNL:2,33,40
FNA:2,0,_ZNSt3__113__rotate_leftB8ne190102INS_17_ClassicAlgPolicyENS_11__wrap_iterIPPN7testing8TestInfoEEEEET0_S8_S8_
FNL:3,45,53
FNA:3,0,_ZNSt3__114__rotate_rightB8ne190102INS_17_ClassicAlgPolicyENS_11__wrap_iterIPPN7testing8TestInfoEEEEET0_S8_S8_
FNL:4,86,92
FNA:4,0,_ZNSt3__110__algo_gcdB8ne190102IlEET_S1_S1_
FNL:5,97,125
FNA:5,0,_ZNSt3__112__rotate_gcdB8ne190102INS_17_ClassicAlgPolicyENS_11__wrap_iterIPPN7testing8TestInfoEEEEET0_S8_S8_S8_
FNF:6
FNH:0
DA:33,0
DA:37,0
DA:38,0
DA:39,0
DA:40,0
DA:45,0
DA:49,0
DA:50,0
DA:51,0
DA:52,0
DA:53,0
DA:86,0
DA:87,0
DA:88,0
DA:89,0
DA:90,0
DA:91,0
DA:92,0
DA:97,0
DA:102,0
DA:103,0
DA:104,0
DA:105,0
DA:106,0
DA:108,0
DA:109,0
DA:110,0
DA:111,0
DA:112,0
DA:113,0
DA:114,0
DA:115,0
DA:116,0
DA:117,0
DA:118,0
DA:120,0
DA:121,0
DA:122,0
DA:124,0
DA:125,0
DA:155,0
DA:162,0
DA:163,0
DA:164,0
DA:165,0
DA:166,0
DA:169,0
DA:173,0
DA:175,0
DA:177,0
DA:178,0
DA:179,0
DA:180,0
DA:183,0
DA:185,0
DA:186,0
LF:56
LH:0
end_of_record
TN:
SF:/Library/Developer/CommandLineTools/SDKs/MacOSX.sdk/usr/include/c++/v1/__algorithm/sort.h
FNL:0,284,305
FNA:0,3,_ZNSt3__116__insertion_sortB8ne190102INS_17_ClassicAlgPolicyERZN7testing9TestSuite3RunEvE3$_0NS_11__wrap_iterIPPNS2_8TestInfoEEEEEvT1_SB_T0_
FNF:1
FNH:1
DA:284,3
DA:288,3
DA:289,0
DA:290,3
DA:291,11
DA:292,8
DA:293,8
DA:294,8
DA:295,0
DA:296,0
DA:297,0
DA:298,0
DA:299,0
DA:300,0
DA:301,0
DA:302,0
DA:303,0
DA:304,8
DA:305,3
LF:19
LH:9
end_of_record
TN:
SF:/Library/Developer/CommandLineTools/SDKs/MacOSX.sdk/usr/include/c++/v1/__algorithm/stable_sort.h
FNL:0,109,134
FNA:0,0,_ZNSt3__119__merge_move_assignB8ne190102INS_17_ClassicAlgPolicyERZN7testing9TestSuite3RunEvE3$_0PPNS2_8TestInfoES8_NS_11__wrap_iterIS8_EEEEvT1_SB_T2_SC_T3_T0_
FNL:1,145,185
FNA:1,0,_ZNSt3__118__stable_sort_moveINS_17_ClassicAlgPolicyERZN7testing9TestSuite3RunEvE3$_0NS_11__wrap_iterIPPNS2_8TestInfoEEEEEvT1_SB_T0_NS_15iterator_traitsISB_E15difference_typeEPNSE_10value_typeE
FNL:2,193,235
FNA:2,4,_ZNSt3__113__stable_sortINS_17_ClassicAlgPolicyERZN7testing9TestSuite3RunEvE3$_0NS_11__wrap_iterIPPNS2_8TestInfoEEEEEvT1_SB_T0_NS_15iterator_traitsISB_E15difference_typeEPNSE_10value_typeEl
FNL:3,239,256
FNA:3,4,_ZNSt3__118__stable_sort_implB8ne190102INS_17_ClassicAlgPolicyENS_11__wrap_iterIPPN7testing8TestInfoEEEZNS3_9TestSuite3RunEvE3$_0EEvT0_SA_RT1_
FNL:4,260,262
FNA:4,4,_ZNSt3__111stable_sortB8ne190102INS_11__wrap_iterIPPN7testing8TestInfoEEEZNS2_9TestSuite3RunEvE3$_0EEvT_S9_T0_
FNL:5,38,68
FNA:5,0,_ZNSt3__121__insertion_sort_moveB8ne190102INS_17_ClassicAlgPolicyERZN7testing9TestSuite3RunEvE3$_0NS_11__wrap_iterIPPNS2_8TestInfoEEEEEvT1_SB_PNS_15iterator_traitsISB_E10value_typeET0_
FNL:6,71,106
FNA:6,0,_ZNSt3__122__merge_move_constructB8ne190102INS_17_ClassicAlgPolicyERZN7testing9TestSuite3RunEvE3$_0NS_11__wrap_iterIPPNS2_8TestInfoEEESA_EEvT1_SB_T2_SC_PNS_15iterator_traitsISB_E10value_typeET0_
FNF:7
FNH:3
DA:38,0
DA:46,0
DA:47,0
DA:48,0
DA:49,0
DA:50,0
DA:51,0
DA:52,0
DA:53,0
DA:54,0
DA:55,0
DA:56,0
DA:57,0
DA:58,0
DA:59,0
DA:60,0
DA:61,0
DA:62,0
DA:63,0
DA:65,0
DA:66,0
DA:67,0
DA:68,0
DA:71,0
DA:81,0
DA:82,0
DA:83,0
DA:84,0
DA:85,0
DA:86,0
DA:87,0
DA:88,0
DA:90,0
DA:91,0
DA:92,0
DA:93,0
DA:94,0
DA:96,0
DA:97,0
DA:98,0
DA:99,0
DA:100,0
DA:101,0
DA:102,0
DA:103,0
DA:105,0
DA:106,0
DA:109,0
DA:118,0
DA:119,0
DA:120,0
DA:121,0
DA:122,0
DA:124,0
DA:125,0
DA:126,0
DA:127,0
DA:128,0
DA:129,0
DA:131,0
DA:132,0
DA:133,0
DA:134,0
DA:145,0
DA:153,0
DA:155,0
DA:157,0
DA:158,0
DA:160,0
DA:161,0
DA:162,0
DA:163,0
DA:164,0
DA:165,0
DA:166,0
DA:167,0
DA:168,0
DA:169,0
DA:170,0
DA:171,0
DA:173,0
DA:175,0
DA:176,0
DA:177,0
DA:178,0
DA:180,0
DA:181,0
DA:182,0
DA:183,0
DA:184,0
DA:185,0
DA:193,4
DA:201,4
DA:204,1
DA:206,0
DA:207,0
DA:208,0
DA:210,3
DA:211,3
DA:212,3
DA:214,0
DA:215,0
DA:216,0
DA:217,0
DA:218,0
DA:219,0
DA:220,0
DA:221,0
DA:222,0
DA:223,0
DA:224,0
DA:231,0
DA:232,0
DA:233,0
DA:234,0
DA:235,4
DA:239,4
DA:243,4
DA:244,4
DA:245,4
DA:246,4
DA:249,0
DA:251,0
DA:252,0
DA:254,4
DA:255,4
DA:256,4
DA:260,4
DA:261,4
DA:262,4
LF:130
LH:18
end_of_record
TN:
SF:/Library/Developer/CommandLineTools/SDKs/MacOSX.sdk/usr/include/c++/v1/__algorithm/swap_ranges.h
FNL:0,29,36
FNA:0,0,_ZNSt3__113__swap_rangesB8ne190102INS_17_ClassicAlgPolicyENS_11__wrap_iterIPPN7testing8TestInfoEEES7_S7_S7_EENS_4pairIT0_T2_EES9_T1_SA_T3_
FNF:1
FNH:0
DA:29,0
DA:30,0
DA:31,0
DA:32,0
DA:33,0
DA:36,0
LF:6
LH:0
end_of_record
TN:
SF:/Library/Developer/CommandLineTools/SDKs/MacOSX.sdk/usr/include/c++/v1/__algorithm/unwrap_iter.h
FNL:0,39,39
FNA:0,7,_ZNSt3__118__unwrap_iter_implINS_15insert_iteratorINS_13unordered_setINS_12basic_stringIcNS_11char_traitsIcEENS_9allocatorIcEEEENS_4hashIS8_EENS_8equal_toIS8_EENS6_IS8_EEEEEELb0EE8__rewrapB8ne190102ESF_SF_
FNA:0,7,_ZNSt3__118__unwrap_iter_implINS_15insert_iteratorINS_6vectorINS_12basic_stringIcNS_11char_traitsIcEENS_9allocatorIcEEEENS6_IS8_EEEEEELb0EE8__rewrapB8ne190102ESB_SB_
FNA:0,0,_ZNSt3__118__unwrap_iter_implINS_16reverse_iteratorINS_11__wrap_iterIPPN7testing8TestInfoEEEEELb0EE8__rewrapB8ne190102ES8_S8_
FNA:0,0,_ZNSt3__118__unwrap_iter_implINS_16reverse_iteratorIPPN7testing8TestInfoEEELb0EE8__rewrapB8ne190102ES6_S6_
FNL:1,40,40
FNA:1,7,_ZNSt3__118__unwrap_iter_implINS_15insert_iteratorINS_13unordered_setINS_12basic_stringIcNS_11char_traitsIcEENS_9allocatorIcEEEENS_4hashIS8_EENS_8equal_toIS8_EENS6_IS8_EEEEEELb0EE8__unwrapB8ne190102ESF_
FNA:1,7,_ZNSt3__118__unwrap_iter_implINS_15insert_iteratorINS_6vectorINS_12basic_stringIcNS_11char_traitsIcEENS_9allocatorIcEEEENS6_IS8_EEEEEELb0EE8__unwrapB8ne190102ESB_
FNA:1,0,_ZNSt3__118__unwrap_iter_implINS_16reverse_iteratorINS_11__wrap_iterIPPN7testing8TestInfoEEEEELb0EE8__unwrapB8ne190102ES8_
FNA:1,0,_ZNSt3__118__unwrap_iter_implINS_16reverse_iteratorIPPN7testing8TestInfoEEELb0EE8__unwrapB8ne190102ES6_
FNL:2,51,52
FNA:2,0,_ZNSt3__118__unwrap_iter_implINS_11__wrap_iterIPKNS_12basic_stringIcNS_11char_traitsIcEENS_9allocatorIcEEEEEELb1EE8__rewrapB8ne190102ESA_S9_
FNA:2,14,_ZNSt3__118__unwrap_iter_implINS_11__wrap_iterIPNS_12basic_stringIcNS_11char_traitsIcEENS_9allocatorIcEEEEEELb1EE8__rewrapB8ne190102ES9_S8_
FNA:2,0,_ZNSt3__118__unwrap_iter_implINS_11__wrap_iterIPPN7testing8TestInfoEEELb1EE8__rewrapB8ne190102ES6_S5_
FNA:2,0,_ZNSt3__118__unwrap_iter_implIPN7testing8internal13edit_distance8EditTypeELb1EE8__rewrapB8ne190102ES5_S5_
FNA:2,1,_ZNSt3__118__unwrap_iter_implIPNS_12basic_stringIcNS_11char_traitsIcEENS_9allocatorIcEEEELb1EE8__rewrapB8ne190102ES7_S7_
FNA:2,0,_ZNSt3__118__unwrap_iter_implIPPN7testing17TestEventListenerELb1EE8__rewrapB8ne190102ES4_S4_
FNA:2,0,_ZNSt3__118__unwrap_iter_implIPPN7testing8TestInfoELb1EE8__rewrapB8ne190102ES4_S4_
FNA:2,0,_ZNSt3__118__unwrap_iter_implIPPN7testing9TestSuiteELb1EE8__rewrapB8ne190102ES4_S4_
FNA:2,0,_ZNSt3__118__unwrap_iter_implIPdLb1EE8__rewrapB8ne190102ES1_S1_
FNL:3,55,56
FNA:3,0,_ZNSt3__118__unwrap_iter_implINS_11__wrap_iterIPKNS_12basic_stringIcNS_11char_traitsIcEENS_9allocatorIcEEEEEELb1EE8__unwrapB8ne190102ESA_
FNA:3,28,_ZNSt3__118__unwrap_iter_implINS_11__wrap_iterIPNS_12basic_stringIcNS_11char_traitsIcEENS_9allocatorIcEEEEEELb1EE8__unwrapB8ne190102ES9_
FNA:3,0,_ZNSt3__118__unwrap_iter_implINS_11__wrap_iterIPPN7testing8TestInfoEEELb1EE8__unwrapB8ne190102ES6_
FNA:3,0,_ZNSt3__118__unwrap_iter_implIPKPKcLb1EE8__unwrapB8ne190102ES4_
FNA:3,0,_ZNSt3__118__unwrap_iter_implIPN7testing8internal13edit_distance8EditTypeELb1EE8__unwrapB8ne190102ES5_
FNA:3,3,_ZNSt3__118__unwrap_iter_implIPNS_12basic_stringIcNS_11char_traitsIcEENS_9allocatorIcEEEELb1EE8__unwrapB8ne190102ES7_
FNA:3,0,_ZNSt3__118__unwrap_iter_implIPPN7testing17TestEventListenerELb1EE8__unwrapB8ne190102ES4_
FNA:3,0,_ZNSt3__118__unwrap_iter_implIPPN7testing8TestInfoELb1EE8__unwrapB8ne190102ES4_
FNA:3,0,_ZNSt3__118__unwrap_iter_implIPPN7testing9TestSuiteELb1EE8__unwrapB8ne190102ES4_
FNA:3,0,_ZNSt3__118__unwrap_iter_implIPdLb1EE8__unwrapB8ne190102ES1_
FNL:4,64,65
FNA:4,0,_ZNSt3__113__unwrap_iterB8ne190102INS_11__wrap_iterIPKNS_12basic_stringIcNS_11char_traitsIcEENS_9allocatorIcEEEEEENS_18__unwrap_iter_implISA_Lb1EEELi0EEEDTclsrT0_8__unwrapclsr3stdE7declvalIT_EEEESE_
FNA:4,28,_ZNSt3__113__unwrap_iterB8ne190102INS_11__wrap_iterIPNS_12basic_stringIcNS_11char_traitsIcEENS_9allocatorIcEEEEEENS_18__unwrap_iter_implIS9_Lb1EEELi0EEEDTclsrT0_8__unwrapclsr3stdE7declvalIT_EEEESD_
FNA:4,0,_ZNSt3__113__unwrap_iterB8ne190102INS_11__wrap_iterIPPN7testing8TestInfoEEENS_18__unwrap_iter_implIS6_Lb1EEELi0EEEDTclsrT0_8__unwrapclsr3stdE7declvalIT_EEEESA_
FNA:4,7,_ZNSt3__113__unwrap_iterB8ne190102INS_15insert_iteratorINS_13unordered_setINS_12basic_stringIcNS_11char_traitsIcEENS_9allocatorIcEEEENS_4hashIS8_EENS_8equal_toIS8_EENS6_IS8_EEEEEENS_18__unwrap_iter_implISF_Lb0EEELi0EEEDTclsrT0_8__unwrapclsr3stdE7declvalIT_EEEESJ_
FNA:4,7,_ZNSt3__113__unwrap_iterB8ne190102INS_15insert_iteratorINS_6vectorINS_12basic_stringIcNS_11char_traitsIcEENS_9allocatorIcEEEENS6_IS8_EEEEEENS_18__unwrap_iter_implISB_Lb0EEELi0EEEDTclsrT0_8__unwrapclsr3stdE7declvalIT_EEEESF_
FNA:4,0,_ZNSt3__113__unwrap_iterB8ne190102INS_16reverse_iteratorINS_11__wrap_iterIPPN7testing8TestInfoEEEEENS_18__unwrap_iter_implIS8_Lb0EEELi0EEEDTclsrT0_8__unwrapclsr3stdE7declvalIT_EEEESC_
FNA:4,0,_ZNSt3__113__unwrap_iterB8ne190102INS_16reverse_iteratorIPPN7testing8TestInfoEEENS_18__unwrap_iter_implIS6_Lb0EEELi0EEEDTclsrT0_8__unwrapclsr3stdE7declvalIT_EEEESA_
FNA:4,0,_ZNSt3__113__unwrap_iterB8ne190102IPKPKcNS_18__unwrap_iter_implIS4_Lb1EEELi0EEEDTclsrT0_8__unwrapclsr3stdE7declvalIT_EEEES8_
FNA:4,0,_ZNSt3__113__unwrap_iterB8ne190102IPN7testing8internal13edit_distance8EditTypeENS_18__unwrap_iter_implIS5_Lb1EEELi0EEEDTclsrT0_8__unwrapclsr3stdE7declvalIT_EEEES9_
FNA:4,3,_ZNSt3__113__unwrap_iterB8ne190102IPNS_12basic_stringIcNS_11char_traitsIcEENS_9allocatorIcEEEENS_18__unwrap_iter_implIS7_Lb1EEELi0EEEDTclsrT0_8__unwrapclsr3stdE7declvalIT_EEEESB_
FNA:4,0,_ZNSt3__113__unwrap_iterB8ne190102IPPN7testing17TestEventListenerENS_18__unwrap_iter_implIS4_Lb1EEELi0EEEDTclsrT0_8__unwrapclsr3stdE7declvalIT_EEEES8_
FNA:4,0,_ZNSt3__113__unwrap_iterB8ne190102IPPN7testing8TestInfoENS_18__unwrap_iter_implIS4_Lb1EEELi0EEEDTclsrT0_8__unwrapclsr3stdE7declvalIT_EEEES8_
FNA:4,0,_ZNSt3__113__unwrap_iterB8ne190102IPPN7testing9TestSuiteENS_18__unwrap_iter_implIS4_Lb1EEELi0EEEDTclsrT0_8__unwrapclsr3stdE7declvalIT_EEEES8_
FNA:4,0,_ZNSt3__113__unwrap_iterB8ne190102IPdNS_18__unwrap_iter_implIS1_Lb1EEELi0EEEDTclsrT0_8__unwrapclsr3stdE7declvalIT_EEEES5_
FNL:5,77,78
FNA:5,0,_ZNSt3__113__rewrap_iterB8ne190102INS_11__wrap_iterIPKNS_12basic_stringIcNS_11char_traitsIcEENS_9allocatorIcEEEEEES9_NS_18__unwrap_iter_implISA_Lb1EEEEET_SD_T0_
FNA:5,14,_ZNSt3__113__rewrap_iterB8ne190102INS_11__wrap_iterIPNS_12basic_stringIcNS_11char_traitsIcEENS_9allocatorIcEEEEEES8_NS_18__unwrap_iter_implIS9_Lb1EEEEET_SC_T0_
FNA:5,0,_ZNSt3__113__rewrap_iterB8ne190102INS_11__wrap_iterIPPN7testing8TestInfoEEES5_NS_18__unwrap_iter_implIS6_Lb1EEEEET_S9_T0_
FNA:5,7,_ZNSt3__113__rewrap_iterB8ne190102INS_15insert_iteratorINS_13unordered_setINS_12basic_stringIcNS_11char_traitsIcEENS_9allocatorIcEEEENS_4hashIS8_EENS_8equal_toIS8_EENS6_IS8_EEEEEESF_NS_18__unwrap_iter_implISF_Lb0EEEEET_SI_T0_
FNA:5,7,_ZNSt3__113__rewrap_iterB8ne190102INS_15insert_iteratorINS_6vectorINS_12basic_stringIcNS_11char_traitsIcEENS_9allocatorIcEEEENS6_IS8_EEEEEESB_NS_18__unwrap_iter_implISB_Lb0EEEEET_SE_T0_
FNA:5,0,_ZNSt3__113__rewrap_iterB8ne190102INS_16reverse_iteratorINS_11__wrap_iterIPPN7testing8TestInfoEEEEES8_NS_18__unwrap_iter_implIS8_Lb0EEEEET_SB_T0_
FNA:5,0,_ZNSt3__113__rewrap_iterB8ne190102INS_16reverse_iteratorIPPN7testing8TestInfoEEES6_NS_18__unwrap_iter_implIS6_Lb0EEEEET_S9_T0_
FNA:5,0,_ZNSt3__113__rewrap_iterB8ne190102IPN7testing8internal13edit_distance8EditTypeES5_NS_18__unwrap_iter_implIS5_Lb1EEEEET_S8_T0_
FNA:5,1,_ZNSt3__113__rewrap_iterB8ne190102IPNS_12basic_stringIcNS_11char_traitsIcEENS_9allocatorIcEEEES7_NS_18__unwrap_iter_implIS7_Lb1EEEEET_SA_T0_
FNA:5,0,_ZNSt3__113__rewrap_iterB8ne190102IPPN7testing17TestEventListenerES4_NS_18__unwrap_iter_implIS4_Lb1EEEEET_S7_T0_
FNA:5,0,_ZNSt3__113__rewrap_iterB8ne190102IPPN7testing8TestInfoES4_NS_18__unwrap_iter_implIS4_Lb1EEEEET_S7_T0_
FNA:5,0,_ZNSt3__113__rewrap_iterB8ne190102IPPN7testing9TestSuiteES4_NS_18__unwrap_iter_implIS4_Lb1EEEEET_S7_T0_
FNA:5,0,_ZNSt3__113__rewrap_iterB8ne190102IPdS1_NS_18__unwrap_iter_implIS1_Lb1EEEEET_S4_T0_
FNF:6
FNH:6
DA:39,14
DA:40,14
DA:51,15
DA:52,15
DA:55,31
DA:56,31
DA:64,45
DA:65,45
DA:77,29
DA:78,29
LF:10
LH:10
end_of_record
TN:
SF:/Library/Developer/CommandLineTools/SDKs/MacOSX.sdk/usr/include/c++/v1/__algorithm/unwrap_range.h
FNL:0,85,86
FNA:0,0,_ZNSt3__114__unwrap_rangeB8ne190102INS_11__wrap_iterIPKNS_12basic_stringIcNS_11char_traitsIcEENS_9allocatorIcEEEEEES9_EENS_4pairIT0_SC_EET_SE_
FNA:0,14,_ZNSt3__114__unwrap_rangeB8ne190102INS_11__wrap_iterIPNS_12basic_stringIcNS_11char_traitsIcEENS_9allocatorIcEEEEEES8_EENS_4pairIT0_SB_EET_SD_
FNA:0,0,_ZNSt3__114__unwrap_rangeB8ne190102INS_11__wrap_iterIPPN7testing8TestInfoEEES5_EENS_4pairIT0_S8_EET_SA_
FNA:0,0,_ZNSt3__114__unwrap_rangeB8ne190102INS_16reverse_iteratorIPPN7testing8TestInfoEEES6_EENS_4pairIT0_S8_EET_SA_
FNA:0,0,_ZNSt3__114__unwrap_rangeB8ne190102IPKPKcS4_EENS_4pairIT0_S6_EET_S8_
FNA:0,0,_ZNSt3__114__unwrap_rangeB8ne190102IPN7testing8internal13edit_distance8EditTypeES5_EENS_4pairIT0_S7_EET_S9_
FNA:0,1,_ZNSt3__114__unwrap_rangeB8ne190102IPNS_12basic_stringIcNS_11char_traitsIcEENS_9allocatorIcEEEES7_EENS_4pairIT0_S9_EET_SB_
FNA:0,0,_ZNSt3__114__unwrap_rangeB8ne190102IPPN7testing17TestEventListenerES4_EENS_4pairIT0_S6_EET_S8_
FNA:0,0,_ZNSt3__114__unwrap_rangeB8ne190102IPPN7testing8TestInfoES4_EENS_4pairIT0_S6_EET_S8_
FNA:0,0,_ZNSt3__114__unwrap_rangeB8ne190102IPPN7testing9TestSuiteES4_EENS_4pairIT0_S6_EET_S8_
FNA:0,0,_ZNSt3__114__unwrap_rangeB8ne190102IPdS1_EENS_4pairIT0_S3_EET_S5_
FNL:1,90,91
FNA:1,14,_ZNSt3__114__rewrap_rangeB8ne190102INS_11__wrap_iterIPNS_12basic_stringIcNS_11char_traitsIcEENS_9allocatorIcEEEEEES8_EET_SA_T0_
FNA:1,0,_ZNSt3__114__rewrap_rangeB8ne190102INS_11__wrap_iterIPPN7testing8TestInfoEEES5_EET_S7_T0_
FNA:1,0,_ZNSt3__114__rewrap_rangeB8ne190102INS_16reverse_iteratorIPPN7testing8TestInfoEEES6_EET_S7_T0_
FNA:1,0,_ZNSt3__114__rewrap_rangeB8ne190102IPN7testing8internal13edit_distance8EditTypeES5_EET_S6_T0_
FNA:1,0,_ZNSt3__114__rewrap_rangeB8ne190102IPNS_12basic_stringIcNS_11char_traitsIcEENS_9allocatorIcEEEES7_EET_S8_T0_
FNA:1,0,_ZNSt3__114__rewrap_rangeB8ne190102IPPN7testing17TestEventListenerES4_EET_S5_T0_
FNA:1,0,_ZNSt3__114__rewrap_rangeB8ne190102IPPN7testing8TestInfoES4_EET_S5_T0_
FNA:1,0,_ZNSt3__114__rewrap_rangeB8ne190102IPPN7testing9TestSuiteES4_EET_S5_T0_
FNA:1,0,_ZNSt3__114__rewrap_rangeB8ne190102IPdS1_EET_S2_T0_
FNF:2
FNH:2
DA:85,15
DA:86,15
DA:90,14
DA:91,14
LF:4
LH:4
end_of_record
TN:
SF:/Library/Developer/CommandLineTools/SDKs/MacOSX.sdk/usr/include/c++/v1/__algorithm/upper_bound.h
FNL:0,35,47
FNA:0,0,_ZNSt3__113__upper_boundB8ne190102INS_17_ClassicAlgPolicyERZN7testing9TestSuite3RunEvE3$_0NS_11__wrap_iterIPPNS2_8TestInfoEEESA_S8_NS_10__identityEEET1_SC_T2_RKT3_OT0_OT4_
FNF:1
FNH:0
DA:35,0
DA:36,0
DA:37,0
DA:38,0
DA:39,0
DA:40,0
DA:41,0
DA:43,0
DA:44,0
DA:47,0
LF:10
LH:0
end_of_record
TN:
SF:/Library/Developer/CommandLineTools/SDKs/MacOSX.sdk/usr/include/c++/v1/__atomic/atomic.h
FNL:0,49,49
FNA:0,0,_ZNSt3__16atomicIiEC1B8ne190102Ei
FNA:0,0,_ZNSt3__16atomicIiEC2B8ne190102Ei
FNF:1
FNH:0
DA:49,0
LF:1
LH:0
end_of_record
TN:
SF:/Library/Developer/CommandLineTools/SDKs/MacOSX.sdk/usr/include/c++/v1/__atomic/atomic_base.h
FNL:0,127,127
FNA:0,0,_ZNSt3__113__atomic_baseIiLb0EEC2B8ne190102Ei
FNL:1,140,140
FNA:1,0,_ZNSt3__113__atomic_baseIiLb1EEC2B8ne190102Ei
FNL:2,151,152
FNA:2,0,_ZNSt3__113__atomic_baseIiLb1EE9fetch_subB8ne190102EiNS_12memory_orderE
FNF:3
FNH:0
DA:127,0
DA:140,0
DA:151,0
DA:152,0
LF:4
LH:0
end_of_record
TN:
SF:/Library/Developer/CommandLineTools/SDKs/MacOSX.sdk/usr/include/c++/v1/__atomic/cxx_atomic_impl.h
FNL:0,273,273
FNA:0,0,_ZNSt3__122__cxx_atomic_base_implIiEC2Ei
FNL:1,442,444
FNA:1,0,_ZNSt3__122__cxx_atomic_fetch_subB8ne190102IiEET_PNS_22__cxx_atomic_base_implIS1_EES1_NS_12memory_orderE
FNL:2,505,505
FNA:2,0,_ZNSt3__117__cxx_atomic_implIiNS_22__cxx_atomic_base_implIiEEEC1B8ne190102Ei
FNA:2,0,_ZNSt3__117__cxx_atomic_implIiNS_22__cxx_atomic_base_implIiEEEC2B8ne190102Ei
FNF:3
FNH:0
DA:273,0
DA:442,0
DA:443,0
DA:444,0
DA:505,0
LF:5
LH:0
end_of_record
TN:
SF:/Library/Developer/CommandLineTools/SDKs/MacOSX.sdk/usr/include/c++/v1/__bit/countl.h
FNL:0,34,35
FNA:0,0,_ZNSt3__112__libcpp_clzB8ne190102Em
FNF:1
FNH:0
DA:34,0
DA:35,0
LF:2
LH:0
end_of_record
TN:
SF:/Library/Developer/CommandLineTools/SDKs/MacOSX.sdk/usr/include/c++/v1/__chrono/duration.h
FNL:0,106,107
FNA:0,17,_ZNSt3__16chrono13duration_castB8ne190102INS0_8durationIxNS_5ratioILl1ELl1000EEEEExNS3_ILl1ELl1000000000EEELi0EEET_RKNS2_IT0_T1_EE
FNA:0,18,_ZNSt3__16chrono13duration_castB8ne190102INS0_8durationIxNS_5ratioILl1ELl1000EEEEExNS3_ILl1ELl1000000EEELi0EEET_RKNS2_IT0_T1_EE
FNL:1,210,210
FNA:1,17,_ZNSt3__16chrono8durationIxNS_5ratioILl1ELl1000000000EEEEC1B8ne190102IxLi0EEERKT_
FNA:1,17,_ZNSt3__16chrono8durationIxNS_5ratioILl1ELl1000000000EEEEC2B8ne190102IxLi0EEERKT_
FNA:1,18,_ZNSt3__16chrono8durationIxNS_5ratioILl1ELl1000000EEEEC1B8ne190102IxLi0EEERKT_
FNA:1,18,_ZNSt3__16chrono8durationIxNS_5ratioILl1ELl1000000EEEEC2B8ne190102IxLi0EEERKT_
FNA:1,35,_ZNSt3__16chrono8durationIxNS_5ratioILl1ELl1000EEEEC1B8ne190102IxLi0EEERKT_
FNA:1,35,_ZNSt3__16chrono8durationIxNS_5ratioILl1ELl1000EEEEC2B8ne190102IxLi0EEERKT_
FNL:2,224,224
FNA:2,51,_ZNKSt3__16chrono8durationIxNS_5ratioILl1ELl1000000000EEEE5countB8ne190102Ev
FNA:2,54,_ZNKSt3__16chrono8durationIxNS_5ratioILl1ELl1000000EEEE5countB8ne190102Ev
FNA:2,35,_ZNKSt3__16chrono8durationIxNS_5ratioILl1ELl1000EEEE5countB8ne190102Ev
FNL:3,405,407
FNA:3,17,_ZNSt3__16chronomiB8ne190102IxNS_5ratioILl1ELl1000000000EEExS3_EENS_11common_typeIJNS0_8durationIT_T0_EENS5_IT1_T2_EEEE4typeERKS8_RKSB_
FNA:3,18,_ZNSt3__16chronomiB8ne190102IxNS_5ratioILl1ELl1000000EEExS3_EENS_11common_typeIJNS0_8durationIT_T0_EENS5_IT1_T2_EEEE4typeERKS8_RKSB_
FNL:4,80,83
FNA:4,17,_ZNKSt3__16chrono15__duration_castINS0_8durationIxNS_5ratioILl1ELl1000000000EEEEENS2_IxNS3_ILl1ELl1000EEEEENS3_ILl1ELl1000000EEELb1ELb0EEclB8ne190102ERKS5_
FNA:4,18,_ZNKSt3__16chrono15__duration_castINS0_8durationIxNS_5ratioILl1ELl1000000EEEEENS2_IxNS3_ILl1ELl1000EEEEES6_Lb1ELb0EEclB8ne190102ERKS5_
FNF:5
FNH:5
DA:80,35
DA:82,35
DA:83,35
DA:106,35
DA:107,35
DA:210,140
DA:224,140
DA:405,35
DA:407,35
LF:9
LH:9
end_of_record
TN:
SF:/Library/Developer/CommandLineTools/SDKs/MacOSX.sdk/usr/include/c++/v1/__chrono/time_point.h
FNL:0,210,211
FNA:0,17,_ZNSt3__16chronomiB8ne190102INS0_12steady_clockENS0_8durationIxNS_5ratioILl1ELl1000000000EEEEES6_EENS_11common_typeIJT0_T1_EE4typeERKNS0_10time_pointIT_S8_EERKNSC_ISD_S9_EE
FNA:0,18,_ZNSt3__16chronomiB8ne190102INS0_12system_clockENS0_8durationIxNS_5ratioILl1ELl1000000EEEEES6_EENS_11common_typeIJT0_T1_EE4typeERKNS0_10time_pointIT_S8_EERKNSC_ISD_S9_EE
FNL:1,58,58
FNA:1,34,_ZNKSt3__16chrono10time_pointINS0_12steady_clockENS0_8durationIxNS_5ratioILl1ELl1000000000EEEEEE16time_since_epochB8ne190102Ev
FNA:1,36,_ZNKSt3__16chrono10time_pointINS0_12system_clockENS0_8durationIxNS_5ratioILl1ELl1000000EEEEEE16time_since_epochB8ne190102Ev
FNF:2
FNH:2
DA:58,70
DA:210,35
DA:211,35
LF:3
LH:3
end_of_record
TN:
SF:/Library/Developer/CommandLineTools/SDKs/MacOSX.sdk/usr/include/c++/v1/__debug_utils/strict_weak_ordering_check.h
FNL:0,28,73
FNA:0,4,_ZNSt3__135__check_strict_weak_ordering_sortedB8ne190102INS_11__wrap_iterIPPN7testing8TestInfoEEEZNS2_9TestSuite3RunEvE3$_0EEvT_S9_RT0_
FNF:1
FNH:1
DA:28,4
DA:71,4
DA:73,4
LF:3
LH:3
end_of_record
TN:
SF:/Library/Developer/CommandLineTools/SDKs/MacOSX.sdk/usr/include/c++/v1/__functional/hash.h
FNL:0,131,132
FNA:0,36,_ZNSt3__121__murmur2_or_cityhashImLm64EE8__rotateB8ne190102Emi
FNL:1,135,136
FNA:1,27,_ZNSt3__121__murmur2_or_cityhashImLm64EE22__rotate_by_at_least_1B8ne190102Emi
FNL:2,139,139
FNA:2,0,_ZNSt3__121__murmur2_or_cityhashImLm64EE11__shift_mixB8ne190102Em
FNL:3,141,148
FNA:3,62,_ZNSt3__121__murmur2_or_cityhashImLm64EE13__hash_len_16B8ne190102Emm
FNL:4,152,176
FNA:4,50,_ZNSt3__121__murmur2_or_cityhashImLm64EE18__hash_len_0_to_16B8ne190102EPKcm
FNL:5,179,185
FNA:5,12,_ZNSt3__121__murmur2_or_cityhashImLm64EE19__hash_len_17_to_32B8ne190102EPKcm
FNL:6,191,198
FNA:6,0,_ZNSt3__121__murmur2_or_cityhashImLm64EE29__weak_hash_len_32_with_seedsB8ne190102Emmmmmm
FNL:7,203,210
FNA:7,0,_ZNSt3__121__murmur2_or_cityhashImLm64EE29__weak_hash_len_32_with_seedsB8ne190102EPKcmm
FNL:8,215,235
FNA:8,0,_ZNSt3__121__murmur2_or_cityhashImLm64EE19__hash_len_33_to_64B8ne190102EPKcm
FNL:9,33,36
FNA:9,46,_ZNSt3__110__loadwordB8ne190102IjEET_PKv
FNA:9,102,_ZNSt3__110__loadwordB8ne190102ImEET_PKv
FNL:10,84,122
FNA:10,62,_ZNKSt3__121__murmur2_or_cityhashImLm64EEclB8ne190102EPKvm
FNF:11
FNH:7
DA:33,148
DA:35,148
DA:36,148
DA:84,62
DA:85,62
DA:86,62
DA:87,62
DA:88,50
DA:90,12
DA:92,0
DA:93,0
DA:98,0
DA:99,0
DA:100,0
DA:101,0
DA:102,0
DA:103,0
DA:104,0
DA:107,0
DA:108,0
DA:109,0
DA:110,0
DA:111,0
DA:112,0
DA:113,0
DA:114,0
DA:115,0
DA:116,0
DA:117,0
DA:118,0
DA:119,0
DA:120,0
DA:121,0
DA:122,62
DA:131,36
DA:132,36
DA:135,27
DA:136,27
DA:139,0
DA:141,62
DA:142,62
DA:143,62
DA:144,62
DA:145,62
DA:146,62
DA:147,62
DA:148,62
DA:152,50
DA:153,50
DA:154,27
DA:155,27
DA:156,27
DA:158,23
DA:159,23
DA:160,23
DA:164,23
DA:167,0
DA:168,0
DA:169,0
DA:170,0
DA:171,0
DA:172,0
DA:173,0
DA:175,0
DA:176,50
DA:179,12
DA:180,12
DA:181,12
DA:182,12
DA:183,12
DA:184,12
DA:185,12
DA:191,0
DA:192,0
DA:193,0
DA:194,0
DA:195,0
DA:196,0
DA:197,0
DA:198,0
DA:203,0
DA:204,0
DA:205,0
DA:206,0
DA:207,0
DA:208,0
DA:209,0
DA:210,0
DA:215,0
DA:216,0
DA:217,0
DA:218,0
DA:219,0
DA:220,0
DA:221,0
DA:222,0
DA:223,0
DA:224,0
DA:225,0
DA:226,0
DA:227,0
DA:228,0
DA:229,0
DA:230,0
DA:231,0
DA:232,0
DA:233,0
DA:234,0
DA:235,0
LF:109
LH:39
end_of_record
TN:
SF:/Library/Developer/CommandLineTools/SDKs/MacOSX.sdk/usr/include/c++/v1/__functional/identity.h
FNL:0,29,30
FNA:0,0,_ZNKSt3__110__identityclB8ne190102IRKNS_12basic_stringIcNS_11char_traitsIcEENS_9allocatorIcEEEEEEOT_SB_
FNA:0,0,_ZNKSt3__110__identityclB8ne190102IRPN7testing8TestInfoEEEOT_S7_
FNF:1
FNH:0
DA:29,0
DA:30,0
LF:2
LH:0
end_of_record
TN:
SF:/Library/Developer/CommandLineTools/SDKs/MacOSX.sdk/usr/include/c++/v1/__functional/operations.h
FNL:0,297,298
FNA:0,0,_ZNKSt3__18equal_toINS_12basic_stringIcNS_11char_traitsIcEENS_9allocatorIcEEEEEclB8ne190102ERKS6_S9_
FNL:1,307,310
FNA:1,0,_ZNKSt3__18equal_toIvEclB8ne190102IRKNS_12basic_stringIcNS_11char_traitsIcEENS_9allocatorIcEEEESA_EEDTeqclsr3stdE7forwardIT_Efp_Eclsr3stdE7forwardIT0_Efp0_EEOSB_OSC_
FNA:1,0,_ZNKSt3__18equal_toIvEclB8ne190102IRKNS_17basic_string_viewIcNS_11char_traitsIcEEEERKNS_12basic_stringIcS5_NS_9allocatorIcEEEEEEDTeqclsr3stdE7forwardIT_Efp_Eclsr3stdE7forwardIT0_Efp0_EEOSF_OSG_
FNL:2,358,359
FNA:2,0,_ZNKSt3__14lessINS_12basic_stringIcNS_11char_traitsIcEENS_9allocatorIcEEEEEclB8ne190102ERKS6_S9_
FNL:3,371,374
FNA:3,0,_ZNKSt3__14lessIvEclB8ne190102IRKNS_12basic_stringIcNS_11char_traitsIcEENS_9allocatorIcEEEESA_EEDTltclsr3stdE7forwardIT_Efp_Eclsr3stdE7forwardIT0_Efp0_EEOSB_OSC_
FNF:4
FNH:0
DA:297,0
DA:298,0
DA:307,0
DA:310,0
DA:358,0
DA:359,0
DA:371,0
DA:374,0
LF:8
LH:0
end_of_record
TN:
SF:/Library/Developer/CommandLineTools/SDKs/MacOSX.sdk/usr/include/c++/v1/__hash_table
FNL:0,100
FNA:0,0,_ZNSt3__116__hash_node_baseIPNS_11__hash_nodeINS_12basic_stringIcNS_11char_traitsIcEENS_9allocatorIcEEEEPvEEEC2B8ne190102EPSB_
FNA:0,4,_ZNSt3__116__hash_node_baseIPNS_11__hash_nodeINS_17__hash_value_typeINS_12basic_stringIcNS_11char_traitsIcEENS_9allocatorIcEEEEPN7testing9TestSuiteEEEPvEEEC2B8ne190102EPSG_
FNL:1,1004
FNA:1,2,_ZNSt3__112__hash_tableINS_12basic_stringIcNS_11char_traitsIcEENS_9allocatorIcEEEENS_4hashIS6_EENS_8equal_toIS6_EENS4_IS6_EEE19__move_assign_allocB8ne190102ERSC_NS_17integral_constantIbLb1EEE
FNL:2,1021
FNA:2,11,_ZNSt3__112__hash_tableINS_12basic_stringIcNS_11char_traitsIcEENS_9allocatorIcEEEENS_4hashIS6_EENS_8equal_toIS6_EENS4_IS6_EEEC1Ev
FNA:2,11,_ZNSt3__112__hash_tableINS_12basic_stringIcNS_11char_traitsIcEENS_9allocatorIcEEEENS_4hashIS6_EENS_8equal_toIS6_EENS4_IS6_EEEC2Ev
FNA:2,1,_ZNSt3__112__hash_tableINS_17__hash_value_typeINS_12basic_stringIcNS_11char_traitsIcEENS_9allocatorIcEEEEPN7testing9TestSuiteEEENS_22__unordered_map_hasherIS7_SB_NS_4hashIS7_EENS_8equal_toIS7_EELb1EEENS_21__unordered_map_equalIS7_SB_SG_SE_Lb1EEENS5_ISB_EEEC1Ev
FNA:2,1,_ZNSt3__112__hash_tableINS_17__hash_value_typeINS_12basic_stringIcNS_11char_traitsIcEENS_9allocatorIcEEEEPN7testing9TestSuiteEEENS_22__unordered_map_hasherIS7_SB_NS_4hashIS7_EENS_8equal_toIS7_EELb1EEENS_21__unordered_map_equalIS7_SB_SG_SE_Lb1EEENS5_ISB_EEEC2Ev
FNA:2,1,_ZNSt3__112__hash_tableINS_17__hash_value_typeINS_12basic_stringIcNS_11char_traitsIcEENS_9allocatorIcEEEEmEENS_22__unordered_map_hasherIS7_S8_NS_4hashIS7_EENS_8equal_toIS7_EELb1EEENS_21__unordered_map_equalIS7_S8_SD_SB_Lb1EEENS5_IS8_EEEC1Ev
FNA:2,1,_ZNSt3__112__hash_tableINS_17__hash_value_typeINS_12basic_stringIcNS_11char_traitsIcEENS_9allocatorIcEEEEmEENS_22__unordered_map_hasherIS7_S8_NS_4hashIS7_EENS_8equal_toIS7_EELb1EEENS_21__unordered_map_equalIS7_S8_SD_SB_Lb1EEENS5_IS8_EEEC2Ev
FNL:3,1101
FNA:3,11,_ZNSt3__112__hash_tableINS_12basic_stringIcNS_11char_traitsIcEENS_9allocatorIcEEEENS_4hashIS6_EENS_8equal_toIS6_EENS4_IS6_EEED1Ev
FNA:3,11,_ZNSt3__112__hash_tableINS_12basic_stringIcNS_11char_traitsIcEENS_9allocatorIcEEEENS_4hashIS6_EENS_8equal_toIS6_EENS4_IS6_EEED2Ev
FNA:3,0,_ZNSt3__112__hash_tableINS_17__hash_value_typeINS_12basic_stringIcNS_11char_traitsIcEENS_9allocatorIcEEEEPN7testing9TestSuiteEEENS_22__unordered_map_hasherIS7_SB_NS_4hashIS7_EENS_8equal_toIS7_EELb1EEENS_21__unordered_map_equalIS7_SB_SG_SE_Lb1EEENS5_ISB_EEED1Ev
FNA:3,0,_ZNSt3__112__hash_tableINS_17__hash_value_typeINS_12basic_stringIcNS_11char_traitsIcEENS_9allocatorIcEEEEPN7testing9TestSuiteEEENS_22__unordered_map_hasherIS7_SB_NS_4hashIS7_EENS_8equal_toIS7_EELb1EEENS_21__unordered_map_equalIS7_SB_SG_SE_Lb1EEENS5_ISB_EEED2Ev
FNA:3,0,_ZNSt3__112__hash_tableINS_17__hash_value_typeINS_12basic_stringIcNS_11char_traitsIcEENS_9allocatorIcEEEEmEENS_22__unordered_map_hasherIS7_S8_NS_4hashIS7_EENS_8equal_toIS7_EELb1EEENS_21__unordered_map_equalIS7_S8_SD_SB_Lb1EEENS5_IS8_EEED1Ev
FNA:3,0,_ZNSt3__112__hash_tableINS_17__hash_value_typeINS_12basic_stringIcNS_11char_traitsIcEENS_9allocatorIcEEEEmEENS_22__unordered_map_hasherIS7_S8_NS_4hashIS7_EENS_8equal_toIS7_EELb1EEENS_21__unordered_map_equalIS7_S8_SD_SB_Lb1EEENS5_IS8_EEED2Ev
FNL:4,1134
FNA:4,11,_ZNSt3__112__hash_tableINS_12basic_stringIcNS_11char_traitsIcEENS_9allocatorIcEEEENS_4hashIS6_EENS_8equal_toIS6_EENS4_IS6_EEE17__deallocate_nodeEPNS_16__hash_node_baseIPNS_11__hash_nodeIS6_PvEEEE
FNA:4,0,_ZNSt3__112__hash_tableINS_17__hash_value_typeINS_12basic_stringIcNS_11char_traitsIcEENS_9allocatorIcEEEEPN7testing9TestSuiteEEENS_22__unordered_map_hasherIS7_SB_NS_4hashIS7_EENS_8equal_toIS7_EELb1EEENS_21__unordered_map_equalIS7_SB_SG_SE_Lb1EEENS5_ISB_EEE17__deallocate_nodeEPNS_16__hash_node_baseIPNS_11__hash_nodeISB_PvEEEE
FNA:4,0,_ZNSt3__112__hash_tableINS_17__hash_value_typeINS_12basic_stringIcNS_11char_traitsIcEENS_9allocatorIcEEEEmEENS_22__unordered_map_hasherIS7_S8_NS_4hashIS7_EENS_8equal_toIS7_EELb1EEENS_21__unordered_map_equalIS7_S8_SD_SB_Lb1EEENS5_IS8_EEE17__deallocate_nodeEPNS_16__hash_node_baseIPNS_11__hash_nodeIS8_PvEEEE
FNL:5,1159
FNA:5,2,_ZNSt3__112__hash_tableINS_12basic_stringIcNS_11char_traitsIcEENS_9allocatorIcEEEENS_4hashIS6_EENS_8equal_toIS6_EENS4_IS6_EEE13__move_assignERSC_NS_17integral_constantIbLb1EEE
FNL:6,121
FNA:6,0,_ZNSt3__111__hash_nodeINS_12basic_stringIcNS_11char_traitsIcEENS_9allocatorIcEEEEPvE11__get_valueB8ne190102Ev
FNA:6,4,_ZNSt3__111__hash_nodeINS_17__hash_value_typeINS_12basic_stringIcNS_11char_traitsIcEENS_9allocatorIcEEEEPN7testing9TestSuiteEEEPvE11__get_valueB8ne190102Ev
FNA:6,0,_ZNSt3__111__hash_nodeINS_17__hash_value_typeINS_12basic_stringIcNS_11char_traitsIcEENS_9allocatorIcEEEEmEEPvE11__get_valueB8ne190102Ev
FNL:7,1218
FNA:7,2,_ZNSt3__112__hash_tableINS_12basic_stringIcNS_11char_traitsIcEENS_9allocatorIcEEEENS_4hashIS6_EENS_8equal_toIS6_EENS4_IS6_EEEaSEOSC_
FNL:8,1290
FNA:8,7,_ZNSt3__112__hash_tableINS_12basic_stringIcNS_11char_traitsIcEENS_9allocatorIcEEEENS_4hashIS6_EENS_8equal_toIS6_EENS4_IS6_EEE5beginEv
FNL:9,1296
FNA:9,8,_ZNSt3__112__hash_tableINS_17__hash_value_typeINS_12basic_stringIcNS_11char_traitsIcEENS_9allocatorIcEEEEPN7testing9TestSuiteEEENS_22__unordered_map_hasherIS7_SB_NS_4hashIS7_EENS_8equal_toIS7_EELb1EEENS_21__unordered_map_equalIS7_SB_SG_SE_Lb1EEENS5_ISB_EEE3endEv
FNL:10,1308
FNA:10,108,_ZNKSt3__112__hash_tableINS_12basic_stringIcNS_11char_traitsIcEENS_9allocatorIcEEEENS_4hashIS6_EENS_8equal_toIS6_EENS4_IS6_EEE3endEv
FNL:11,131
FNA:11,0,_ZNSt3__111__hash_nodeINS_12basic_stringIcNS_11char_traitsIcEENS_9allocatorIcEEEEPvEC1B8ne190102EPNS_16__hash_node_baseIPS8_EEm
FNA:11,0,_ZNSt3__111__hash_nodeINS_12basic_stringIcNS_11char_traitsIcEENS_9allocatorIcEEEEPvEC2B8ne190102EPNS_16__hash_node_baseIPS8_EEm
FNA:11,4,_ZNSt3__111__hash_nodeINS_17__hash_value_typeINS_12basic_stringIcNS_11char_traitsIcEENS_9allocatorIcEEEEPN7testing9TestSuiteEEEPvEC1B8ne190102EPNS_16__hash_node_baseIPSD_EEm
FNA:11,4,_ZNSt3__111__hash_nodeINS_17__hash_value_typeINS_12basic_stringIcNS_11char_traitsIcEENS_9allocatorIcEEEEPN7testing9TestSuiteEEEPvEC2B8ne190102EPNS_16__hash_node_baseIPSD_EEm
FNL:12,1313
FNA:12,2,_ZNSt3__112__hash_tableINS_12basic_stringIcNS_11char_traitsIcEENS_9allocatorIcEEEENS_4hashIS6_EENS_8equal_toIS6_EENS4_IS6_EEE5clearEv
FNL:13,132
FNA:13,0,_ZNSt3__111__hash_nodeINS_12basic_stringIcNS_11char_traitsIcEENS_9allocatorIcEEEEPvED1B8ne190102Ev
FNA:13,0,_ZNSt3__111__hash_nodeINS_12basic_stringIcNS_11char_traitsIcEENS_9allocatorIcEEEEPvED2B8ne190102Ev
FNA:13,0,_ZNSt3__111__hash_nodeINS_17__hash_value_typeINS_12basic_stringIcNS_11char_traitsIcEENS_9allocatorIcEEEEPN7testing9TestSuiteEEEPvED1B8ne190102Ev
FNA:13,0,_ZNSt3__111__hash_nodeINS_17__hash_value_typeINS_12basic_stringIcNS_11char_traitsIcEENS_9allocatorIcEEEEPN7testing9TestSuiteEEEPvED2B8ne190102Ev
FNA:13,0,_ZNSt3__111__hash_nodeINS_17__hash_value_typeINS_12basic_stringIcNS_11char_traitsIcEENS_9allocatorIcEEEEmEEPvED1B8ne190102Ev
FNA:13,0,_ZNSt3__111__hash_nodeINS_17__hash_value_typeINS_12basic_stringIcNS_11char_traitsIcEENS_9allocatorIcEEEEmEEPvED2B8ne190102Ev
FNL:14,135
FNA:14,2,_ZNSt3__116__is_hash_power2B8ne190102Em
FNL:15,137
FNA:15,18,_ZNSt3__116__constrain_hashB8ne190102Emm
FNL:16,141
FNA:16,0,_ZNSt3__116__next_hash_pow2B8ne190102Em
FNL:17,1504
FNA:17,0,_ZNSt3__112__hash_tableINS_12basic_stringIcNS_11char_traitsIcEENS_9allocatorIcEEEENS_4hashIS6_EENS_8equal_toIS6_EENS4_IS6_EEE25__emplace_unique_key_argsIS6_JS6_EEENS_4pairINS_15__hash_iteratorIPNS_11__hash_nodeIS6_PvEEEEbEERKT_DpOT0_
FNA:17,4,_ZNSt3__112__hash_tableINS_17__hash_value_typeINS_12basic_stringIcNS_11char_traitsIcEENS_9allocatorIcEEEEPN7testing9TestSuiteEEENS_22__unordered_map_hasherIS7_SB_NS_4hashIS7_EENS_8equal_toIS7_EELb1EEENS_21__unordered_map_equalIS7_SB_SG_SE_Lb1EEENS5_ISB_EEE25__emplace_unique_key_argsIS7_JRKS7_RKSA_EEENS_4pairINS_15__hash_iteratorIPNS_11__hash_nodeISB_PvEEEEbEERKT_DpOT0_
FNL:18,1684
FNA:18,0,_ZNSt3__112__hash_tableINS_12basic_stringIcNS_11char_traitsIcEENS_9allocatorIcEEEENS_4hashIS6_EENS_8equal_toIS6_EENS4_IS6_EEE8__rehashILb1EEEvm
FNA:18,2,_ZNSt3__112__hash_tableINS_17__hash_value_typeINS_12basic_stringIcNS_11char_traitsIcEENS_9allocatorIcEEEEPN7testing9TestSuiteEEENS_22__unordered_map_hasherIS7_SB_NS_4hashIS7_EENS_8equal_toIS7_EELb1EEENS_21__unordered_map_equalIS7_SB_SG_SE_Lb1EEENS5_ISB_EEE8__rehashILb1EEEvm
FNL:19,169
FNA:19,0,_ZNSt3__122__hash_key_value_typesINS_12basic_stringIcNS_11char_traitsIcEENS_9allocatorIcEEEEE9__get_keyB8ne190102ERKS6_
FNL:20,1704
FNA:20,0,_ZNSt3__112__hash_tableINS_12basic_stringIcNS_11char_traitsIcEENS_9allocatorIcEEEENS_4hashIS6_EENS_8equal_toIS6_EENS4_IS6_EEE11__do_rehashILb1EEEvm
FNA:20,2,_ZNSt3__112__hash_tableINS_17__hash_value_typeINS_12basic_stringIcNS_11char_traitsIcEENS_9allocatorIcEEEEPN7testing9TestSuiteEEENS_22__unordered_map_hasherIS7_SB_NS_4hashIS7_EENS_8equal_toIS7_EELb1EEENS_21__unordered_map_equalIS7_SB_SG_SE_Lb1EEENS5_ISB_EEE11__do_rehashILb1EEEvm
FNL:21,171
FNA:21,0,_ZNSt3__122__hash_key_value_typesINS_12basic_stringIcNS_11char_traitsIcEENS_9allocatorIcEEEEE9__get_ptrB8ne190102ERS6_
FNL:22,1747
FNA:22,4,_ZNSt3__112__hash_tableINS_17__hash_value_typeINS_12basic_stringIcNS_11char_traitsIcEENS_9allocatorIcEEEEPN7testing9TestSuiteEEENS_22__unordered_map_hasherIS7_SB_NS_4hashIS7_EENS_8equal_toIS7_EELb1EEENS_21__unordered_map_equalIS7_SB_SG_SE_Lb1EEENS5_ISB_EEE4findIS7_EENS_15__hash_iteratorIPNS_11__hash_nodeISB_PvEEEERKT_
FNL:23,1768
FNA:23,54,_ZNKSt3__112__hash_tableINS_12basic_stringIcNS_11char_traitsIcEENS_9allocatorIcEEEENS_4hashIS6_EENS_8equal_toIS6_EENS4_IS6_EEE4findIS6_EENS_21__hash_const_iteratorIPNS_11__hash_nodeIS6_PvEEEERKT_
FNL:24,1813
FNA:24,0,_ZNSt3__112__hash_tableINS_12basic_stringIcNS_11char_traitsIcEENS_9allocatorIcEEEENS_4hashIS6_EENS_8equal_toIS6_EENS4_IS6_EEE21__construct_node_hashIS6_JEEENS_10unique_ptrINS_11__hash_nodeIS6_PvEENS_22__hash_node_destructorINS4_ISH_EEEEEEmOT_DpOT0_
FNA:24,4,_ZNSt3__112__hash_tableINS_17__hash_value_typeINS_12basic_stringIcNS_11char_traitsIcEENS_9allocatorIcEEEEPN7testing9TestSuiteEEENS_22__unordered_map_hasherIS7_SB_NS_4hashIS7_EENS_8equal_toIS7_EELb1EEENS_21__unordered_map_equalIS7_SB_SG_SE_Lb1EEENS5_ISB_EEE21__construct_node_hashIRKS7_JRKSA_EEENS_10unique_ptrINS_11__hash_nodeISB_PvEENS_22__hash_node_destructorINS5_ISU_EEEEEEmOT_DpOT0_
FNL:25,196
FNA:25,4,_ZNSt3__122__hash_key_value_typesINS_17__hash_value_typeINS_12basic_stringIcNS_11char_traitsIcEENS_9allocatorIcEEEEPN7testing9TestSuiteEEEE9__get_ptrB8ne190102ERSB_
FNA:25,0,_ZNSt3__122__hash_key_value_typesINS_17__hash_value_typeINS_12basic_stringIcNS_11char_traitsIcEENS_9allocatorIcEEEEmEEE9__get_ptrB8ne190102ERS8_
FNL:26,290
FNA:26,0,_ZNKSt3__115__hash_iteratorIPNS_11__hash_nodeINS_17__hash_value_typeINS_12basic_stringIcNS_11char_traitsIcEENS_9allocatorIcEEEEPN7testing9TestSuiteEEEPvEEEptB8ne190102Ev
FNL:27,309
FNA:27,4,_ZNSt3__1eqB8ne190102ERKNS_15__hash_iteratorIPNS_11__hash_nodeINS_17__hash_value_typeINS_12basic_stringIcNS_11char_traitsIcEENS_9allocatorIcEEEEPN7testing9TestSuiteEEEPvEEEESI_
FNL:28,312
FNA:28,4,_ZNSt3__1neB8ne190102ERKNS_15__hash_iteratorIPNS_11__hash_nodeINS_17__hash_value_typeINS_12basic_stringIcNS_11char_traitsIcEENS_9allocatorIcEEEEPN7testing9TestSuiteEEEPvEEEESI_
FNL:29,317
FNA:29,7,_ZNSt3__115__hash_iteratorIPNS_11__hash_nodeINS_12basic_stringIcNS_11char_traitsIcEENS_9allocatorIcEEEEPvEEEC1B8ne190102EPNS_16__hash_node_baseISA_EE
FNA:29,7,_ZNSt3__115__hash_iteratorIPNS_11__hash_nodeINS_12basic_stringIcNS_11char_traitsIcEENS_9allocatorIcEEEEPvEEEC2B8ne190102EPNS_16__hash_node_baseISA_EE
FNA:29,12,_ZNSt3__115__hash_iteratorIPNS_11__hash_nodeINS_17__hash_value_typeINS_12basic_stringIcNS_11char_traitsIcEENS_9allocatorIcEEEEPN7testing9TestSuiteEEEPvEEEC1B8ne190102EPNS_16__hash_node_baseISF_EE
FNA:29,12,_ZNSt3__115__hash_iteratorIPNS_11__hash_nodeINS_17__hash_value_typeINS_12basic_stringIcNS_11char_traitsIcEENS_9allocatorIcEEEEPN7testing9TestSuiteEEEPvEEEC2B8ne190102EPNS_16__hash_node_baseISF_EE
FNL:30,351
FNA:30,7,_ZNSt3__121__hash_const_iteratorIPNS_11__hash_nodeINS_12basic_stringIcNS_11char_traitsIcEENS_9allocatorIcEEEEPvEEEC1B8ne190102ERKNS_15__hash_iteratorISA_EE
FNA:30,7,_ZNSt3__121__hash_const_iteratorIPNS_11__hash_nodeINS_12basic_stringIcNS_11char_traitsIcEENS_9allocatorIcEEEEPvEEEC2B8ne190102ERKNS_15__hash_iteratorISA_EE
FNL:31,364
FNA:31,0,_ZNSt3__121__hash_const_iteratorIPNS_11__hash_nodeINS_12basic_stringIcNS_11char_traitsIcEENS_9allocatorIcEEEEPvEEEppB8ne190102Ev
FNL:32,377
FNA:32,54,_ZNSt3__1eqB8ne190102ERKNS_21__hash_const_iteratorIPNS_11__hash_nodeINS_12basic_stringIcNS_11char_traitsIcEENS_9allocatorIcEEEEPvEEEESD_
FNL:33,380
FNA:33,54,_ZNSt3__1neB8ne190102ERKNS_21__hash_const_iteratorIPNS_11__hash_nodeINS_12basic_stringIcNS_11char_traitsIcEENS_9allocatorIcEEEEPvEEEESD_
FNL:34,385
FNA:34,108,_ZNSt3__121__hash_const_iteratorIPNS_11__hash_nodeINS_12basic_stringIcNS_11char_traitsIcEENS_9allocatorIcEEEEPvEEEC1B8ne190102EPNS_16__hash_node_baseISA_EE
FNA:34,108,_ZNSt3__121__hash_const_iteratorIPNS_11__hash_nodeINS_12basic_stringIcNS_11char_traitsIcEENS_9allocatorIcEEEEPvEEEC2B8ne190102EPNS_16__hash_node_baseISA_EE
FNL:35,562
FNA:35,11,_ZNSt3__125__bucket_list_deallocatorINS_9allocatorIPNS_16__hash_node_baseIPNS_11__hash_nodeINS_12basic_stringIcNS_11char_traitsIcEENS1_IcEEEEPvEEEEEEEC1B8ne190102Ev
FNA:35,11,_ZNSt3__125__bucket_list_deallocatorINS_9allocatorIPNS_16__hash_node_baseIPNS_11__hash_nodeINS_12basic_stringIcNS_11char_traitsIcEENS1_IcEEEEPvEEEEEEEC2B8ne190102Ev
FNA:35,1,_ZNSt3__125__bucket_list_deallocatorINS_9allocatorIPNS_16__hash_node_baseIPNS_11__hash_nodeINS_17__hash_value_typeINS_12basic_stringIcNS_11char_traitsIcEENS1_IcEEEEPN7testing9TestSuiteEEEPvEEEEEEEC1B8ne190102Ev
FNA:35,1,_ZNSt3__125__bucket_list_deallocatorINS_9allocatorIPNS_16__hash_node_baseIPNS_11__hash_nodeINS_17__hash_value_typeINS_12basic_stringIcNS_11char_traitsIcEENS1_IcEEEEPN7testing9TestSuiteEEEPvEEEEEEEC2B8ne190102Ev
FNA:35,1,_ZNSt3__125__bucket_list_deallocatorINS_9allocatorIPNS_16__hash_node_baseIPNS_11__hash_nodeINS_17__hash_value_typeINS_12basic_stringIcNS_11char_traitsIcEENS1_IcEEEEmEEPvEEEEEEEC1B8ne190102Ev
FNA:35,1,_ZNSt3__125__bucket_list_deallocatorINS_9allocatorIPNS_16__hash_node_baseIPNS_11__hash_nodeINS_17__hash_value_typeINS_12basic_stringIcNS_11char_traitsIcEENS1_IcEEEEmEEPvEEEEEEEC2B8ne190102Ev
FNL:36,575
FNA:36,6,_ZNSt3__125__bucket_list_deallocatorINS_9allocatorIPNS_16__hash_node_baseIPNS_11__hash_nodeINS_12basic_stringIcNS_11char_traitsIcEENS1_IcEEEEPvEEEEEEE4sizeB8ne190102Ev
FNA:36,3,_ZNSt3__125__bucket_list_deallocatorINS_9allocatorIPNS_16__hash_node_baseIPNS_11__hash_nodeINS_17__hash_value_typeINS_12basic_stringIcNS_11char_traitsIcEENS1_IcEEEEPN7testing9TestSuiteEEEPvEEEEEEE4sizeB8ne190102Ev
FNA:36,0,_ZNSt3__125__bucket_list_deallocatorINS_9allocatorIPNS_16__hash_node_baseIPNS_11__hash_nodeINS_17__hash_value_typeINS_12basic_stringIcNS_11char_traitsIcEENS1_IcEEEEmEEPvEEEEEEE4sizeB8ne190102Ev
FNL:37,576
FNA:37,54,_ZNKSt3__125__bucket_list_deallocatorINS_9allocatorIPNS_16__hash_node_baseIPNS_11__hash_nodeINS_12basic_stringIcNS_11char_traitsIcEENS1_IcEEEEPvEEEEEEE4sizeB8ne190102Ev
FNA:37,12,_ZNKSt3__125__bucket_list_deallocatorINS_9allocatorIPNS_16__hash_node_baseIPNS_11__hash_nodeINS_17__hash_value_typeINS_12basic_stringIcNS_11char_traitsIcEENS1_IcEEEEPN7testing9TestSuiteEEEPvEEEEEEE4sizeB8ne190102Ev
FNL:38,578
FNA:38,4,_ZNSt3__125__bucket_list_deallocatorINS_9allocatorIPNS_16__hash_node_baseIPNS_11__hash_nodeINS_12basic_stringIcNS_11char_traitsIcEENS1_IcEEEEPvEEEEEEE7__allocB8ne190102Ev
FNA:38,3,_ZNSt3__125__bucket_list_deallocatorINS_9allocatorIPNS_16__hash_node_baseIPNS_11__hash_nodeINS_17__hash_value_typeINS_12basic_stringIcNS_11char_traitsIcEENS1_IcEEEEPN7testing9TestSuiteEEEPvEEEEEEE7__allocB8ne190102Ev
FNA:38,0,_ZNSt3__125__bucket_list_deallocatorINS_9allocatorIPNS_16__hash_node_baseIPNS_11__hash_nodeINS_17__hash_value_typeINS_12basic_stringIcNS_11char_traitsIcEENS1_IcEEEEmEEPvEEEEEEE7__allocB8ne190102Ev
FNL:39,581
FNA:39,0,_ZNSt3__125__bucket_list_deallocatorINS_9allocatorIPNS_16__hash_node_baseIPNS_11__hash_nodeINS_12basic_stringIcNS_11char_traitsIcEENS1_IcEEEEPvEEEEEEEclB8ne190102EPSD_
FNA:39,1,_ZNSt3__125__bucket_list_deallocatorINS_9allocatorIPNS_16__hash_node_baseIPNS_11__hash_nodeINS_17__hash_value_typeINS_12basic_stringIcNS_11char_traitsIcEENS1_IcEEEEPN7testing9TestSuiteEEEPvEEEEEEEclB8ne190102EPSI_
FNA:39,0,_ZNSt3__125__bucket_list_deallocatorINS_9allocatorIPNS_16__hash_node_baseIPNS_11__hash_nodeINS_17__hash_value_typeINS_12basic_stringIcNS_11char_traitsIcEENS1_IcEEEEmEEPvEEEEEEEclB8ne190102EPSF_
FNL:40,606
FNA:40,0,_ZNSt3__122__hash_node_destructorINS_9allocatorINS_11__hash_nodeINS_12basic_stringIcNS_11char_traitsIcEENS1_IcEEEEPvEEEEEC1B8ne190102ERSA_b
FNA:40,0,_ZNSt3__122__hash_node_destructorINS_9allocatorINS_11__hash_nodeINS_12basic_stringIcNS_11char_traitsIcEENS1_IcEEEEPvEEEEEC2B8ne190102ERSA_b
FNA:40,4,_ZNSt3__122__hash_node_destructorINS_9allocatorINS_11__hash_nodeINS_17__hash_value_typeINS_12basic_stringIcNS_11char_traitsIcEENS1_IcEEEEPN7testing9TestSuiteEEEPvEEEEEC1B8ne190102ERSF_b
FNA:40,4,_ZNSt3__122__hash_node_destructorINS_9allocatorINS_11__hash_nodeINS_17__hash_value_typeINS_12basic_stringIcNS_11char_traitsIcEENS1_IcEEEEPN7testing9TestSuiteEEEPvEEEEEC2B8ne190102ERSF_b
FNL:41,610
FNA:41,0,_ZNSt3__122__hash_node_destructorINS_9allocatorINS_11__hash_nodeINS_12basic_stringIcNS_11char_traitsIcEENS1_IcEEEEPvEEEEEclB8ne190102EPS9_
FNA:41,0,_ZNSt3__122__hash_node_destructorINS_9allocatorINS_11__hash_nodeINS_17__hash_value_typeINS_12basic_stringIcNS_11char_traitsIcEENS1_IcEEEEPN7testing9TestSuiteEEEPvEEEEEclB8ne190102EPSE_
FNL:42,724
FNA:42,8,_ZNSt3__112__hash_tableINS_12basic_stringIcNS_11char_traitsIcEENS_9allocatorIcEEEENS_4hashIS6_EENS_8equal_toIS6_EENS4_IS6_EEE4sizeB8ne190102Ev
FNA:42,10,_ZNSt3__112__hash_tableINS_17__hash_value_typeINS_12basic_stringIcNS_11char_traitsIcEENS_9allocatorIcEEEEPN7testing9TestSuiteEEENS_22__unordered_map_hasherIS7_SB_NS_4hashIS7_EENS_8equal_toIS7_EELb1EEENS_21__unordered_map_equalIS7_SB_SG_SE_Lb1EEENS5_ISB_EEE4sizeB8ne190102Ev
FNL:43,729
FNA:43,4,_ZNSt3__112__hash_tableINS_12basic_stringIcNS_11char_traitsIcEENS_9allocatorIcEEEENS_4hashIS6_EENS_8equal_toIS6_EENS4_IS6_EEE13hash_functionB8ne190102Ev
FNA:43,8,_ZNSt3__112__hash_tableINS_17__hash_value_typeINS_12basic_stringIcNS_11char_traitsIcEENS_9allocatorIcEEEEPN7testing9TestSuiteEEENS_22__unordered_map_hasherIS7_SB_NS_4hashIS7_EENS_8equal_toIS7_EELb1EEENS_21__unordered_map_equalIS7_SB_SG_SE_Lb1EEENS5_ISB_EEE13hash_functionB8ne190102Ev
FNL:44,730
FNA:44,54,_ZNKSt3__112__hash_tableINS_12basic_stringIcNS_11char_traitsIcEENS_9allocatorIcEEEENS_4hashIS6_EENS_8equal_toIS6_EENS4_IS6_EEE13hash_functionB8ne190102Ev
FNL:45,732
FNA:45,4,_ZNSt3__112__hash_tableINS_12basic_stringIcNS_11char_traitsIcEENS_9allocatorIcEEEENS_4hashIS6_EENS_8equal_toIS6_EENS4_IS6_EEE15max_load_factorB8ne190102Ev
FNA:45,6,_ZNSt3__112__hash_tableINS_17__hash_value_typeINS_12basic_stringIcNS_11char_traitsIcEENS_9allocatorIcEEEEPN7testing9TestSuiteEEENS_22__unordered_map_hasherIS7_SB_NS_4hashIS7_EENS_8equal_toIS7_EELb1EEENS_21__unordered_map_equalIS7_SB_SG_SE_Lb1EEENS5_ISB_EEE15max_load_factorB8ne190102Ev
FNL:46,735
FNA:46,4,_ZNSt3__112__hash_tableINS_12basic_stringIcNS_11char_traitsIcEENS_9allocatorIcEEEENS_4hashIS6_EENS_8equal_toIS6_EENS4_IS6_EEE6key_eqB8ne190102Ev
FNA:46,0,_ZNSt3__112__hash_tableINS_17__hash_value_typeINS_12basic_stringIcNS_11char_traitsIcEENS_9allocatorIcEEEEPN7testing9TestSuiteEEENS_22__unordered_map_hasherIS7_SB_NS_4hashIS7_EENS_8equal_toIS7_EELb1EEENS_21__unordered_map_equalIS7_SB_SG_SE_Lb1EEENS5_ISB_EEE6key_eqB8ne190102Ev
FNL:47,736
FNA:47,0,_ZNKSt3__112__hash_tableINS_12basic_stringIcNS_11char_traitsIcEENS_9allocatorIcEEEENS_4hashIS6_EENS_8equal_toIS6_EENS4_IS6_EEE6key_eqB8ne190102Ev
FNL:48,738
FNA:48,15,_ZNSt3__112__hash_tableINS_12basic_stringIcNS_11char_traitsIcEENS_9allocatorIcEEEENS_4hashIS6_EENS_8equal_toIS6_EENS4_IS6_EEE12__node_allocB8ne190102Ev
FNA:48,4,_ZNSt3__112__hash_tableINS_17__hash_value_typeINS_12basic_stringIcNS_11char_traitsIcEENS_9allocatorIcEEEEPN7testing9TestSuiteEEENS_22__unordered_map_hasherIS7_SB_NS_4hashIS7_EENS_8equal_toIS7_EELb1EEENS_21__unordered_map_equalIS7_SB_SG_SE_Lb1EEENS5_ISB_EEE12__node_allocB8ne190102Ev
FNA:48,0,_ZNSt3__112__hash_tableINS_17__hash_value_typeINS_12basic_stringIcNS_11char_traitsIcEENS_9allocatorIcEEEEmEENS_22__unordered_map_hasherIS7_S8_NS_4hashIS7_EENS_8equal_toIS7_EELb1EEENS_21__unordered_map_equalIS7_S8_SD_SB_Lb1EEENS5_IS8_EEE12__node_allocB8ne190102Ev
FNL:49,803
FNA:49,4,_ZNSt3__112__hash_tableINS_17__hash_value_typeINS_12basic_stringIcNS_11char_traitsIcEENS_9allocatorIcEEEEPN7testing9TestSuiteEEENS_22__unordered_map_hasherIS7_SB_NS_4hashIS7_EENS_8equal_toIS7_EELb1EEENS_21__unordered_map_equalIS7_SB_SG_SE_Lb1EEENS5_ISB_EEE16__emplace_uniqueB8ne190102IRKS7_RKSA_Li0EEENS_4pairINS_15__hash_iteratorIPNS_11__hash_nodeISB_PvEEEEbEEOT_OT0_
FNL:50,830
FNA:50,0,_ZNSt3__112__hash_tableINS_12basic_stringIcNS_11char_traitsIcEENS_9allocatorIcEEEENS_4hashIS6_EENS_8equal_toIS6_EENS4_IS6_EEE15__insert_uniqueB8ne190102EOS6_
FNL:51,875
FNA:51,0,_ZNSt3__112__hash_tableINS_12basic_stringIcNS_11char_traitsIcEENS_9allocatorIcEEEENS_4hashIS6_EENS_8equal_toIS6_EENS4_IS6_EEE15__rehash_uniqueB8ne190102Em
FNA:51,2,_ZNSt3__112__hash_tableINS_17__hash_value_typeINS_12basic_stringIcNS_11char_traitsIcEENS_9allocatorIcEEEEPN7testing9TestSuiteEEENS_22__unordered_map_hasherIS7_SB_NS_4hashIS7_EENS_8equal_toIS7_EELb1EEENS_21__unordered_map_equalIS7_SB_SG_SE_Lb1EEENS5_ISB_EEE15__rehash_uniqueB8ne190102Em
FNL:52,884
FNA:52,54,_ZNKSt3__112__hash_tableINS_12basic_stringIcNS_11char_traitsIcEENS_9allocatorIcEEEENS_4hashIS6_EENS_8equal_toIS6_EENS4_IS6_EEE12bucket_countB8ne190102Ev
FNA:52,12,_ZNKSt3__112__hash_tableINS_17__hash_value_typeINS_12basic_stringIcNS_11char_traitsIcEENS_9allocatorIcEEEEPN7testing9TestSuiteEEENS_22__unordered_map_hasherIS7_SB_NS_4hashIS7_EENS_8equal_toIS7_EELb1EEENS_21__unordered_map_equalIS7_SB_SG_SE_Lb1EEENS5_ISB_EEE12bucket_countB8ne190102Ev
FNL:53,89
FNA:53,0,_ZNSt3__116__hash_node_baseIPNS_11__hash_nodeINS_12basic_stringIcNS_11char_traitsIcEENS_9allocatorIcEEEEPvEEE5__ptrB8ne190102Ev
FNA:53,10,_ZNSt3__116__hash_node_baseIPNS_11__hash_nodeINS_17__hash_value_typeINS_12basic_stringIcNS_11char_traitsIcEENS_9allocatorIcEEEEPN7testing9TestSuiteEEEPvEEE5__ptrB8ne190102Ev
FNL:54,93
FNA:54,0,_ZNSt3__116__hash_node_baseIPNS_11__hash_nodeINS_12basic_stringIcNS_11char_traitsIcEENS_9allocatorIcEEEEPvEEE8__upcastB8ne190102Ev
FNA:54,0,_ZNSt3__116__hash_node_baseIPNS_11__hash_nodeINS_17__hash_value_typeINS_12basic_stringIcNS_11char_traitsIcEENS_9allocatorIcEEEEPN7testing9TestSuiteEEEPvEEE8__upcastB8ne190102Ev
FNA:54,0,_ZNSt3__116__hash_node_baseIPNS_11__hash_nodeINS_17__hash_value_typeINS_12basic_stringIcNS_11char_traitsIcEENS_9allocatorIcEEEEmEEPvEEE8__upcastB8ne190102Ev
FNL:55,97
FNA:55,0,_ZNKSt3__116__hash_node_baseIPNS_11__hash_nodeINS_12basic_stringIcNS_11char_traitsIcEENS_9allocatorIcEEEEPvEEE6__hashB8ne190102Ev
FNA:55,20,_ZNKSt3__116__hash_node_baseIPNS_11__hash_nodeINS_17__hash_value_typeINS_12basic_stringIcNS_11char_traitsIcEENS_9allocatorIcEEEEPN7testing9TestSuiteEEEPvEEE6__hashB8ne190102Ev
FNL:56,99
FNA:56,11,_ZNSt3__116__hash_node_baseIPNS_11__hash_nodeINS_12basic_stringIcNS_11char_traitsIcEENS_9allocatorIcEEEEPvEEEC1B8ne190102Ev
FNA:56,11,_ZNSt3__116__hash_node_baseIPNS_11__hash_nodeINS_12basic_stringIcNS_11char_traitsIcEENS_9allocatorIcEEEEPvEEEC2B8ne190102Ev
FNA:56,1,_ZNSt3__116__hash_node_baseIPNS_11__hash_nodeINS_17__hash_value_typeINS_12basic_stringIcNS_11char_traitsIcEENS_9allocatorIcEEEEPN7testing9TestSuiteEEEPvEEEC1B8ne190102Ev
FNA:56,1,_ZNSt3__116__hash_node_baseIPNS_11__hash_nodeINS_17__hash_value_typeINS_12basic_stringIcNS_11char_traitsIcEENS_9allocatorIcEEEEPN7testing9TestSuiteEEEPvEEEC2B8ne190102Ev
FNA:56,1,_ZNSt3__116__hash_node_baseIPNS_11__hash_nodeINS_17__hash_value_typeINS_12basic_stringIcNS_11char_traitsIcEENS_9allocatorIcEEEEmEEPvEEEC1B8ne190102Ev
FNA:56,1,_ZNSt3__116__hash_node_baseIPNS_11__hash_nodeINS_17__hash_value_typeINS_12basic_stringIcNS_11char_traitsIcEENS_9allocatorIcEEEEmEEPvEEEC2B8ne190102Ev
FNL:57,999
FNA:57,2,_ZNSt3__112__hash_tableINS_12basic_stringIcNS_11char_traitsIcEENS_9allocatorIcEEEENS_4hashIS6_EENS_8equal_toIS6_EENS4_IS6_EEE19__move_assign_allocB8ne190102ERSC_
FNF:58
FNH:48
DA:89,10
DA:90,10
DA:93,0
DA:94,0
DA:97,20
DA:99,26
DA:100,4
DA:121,4
DA:131,8
DA:132,0
DA:135,2
DA:137,18
DA:138,18
DA:141,0
DA:142,0
DA:169,0
DA:171,0
DA:196,4
DA:197,4
DA:290,0
DA:293,0
DA:309,4
DA:310,4
DA:312,4
DA:313,4
DA:317,38
DA:351,14
DA:364,0
DA:367,0
DA:368,0
DA:377,54
DA:378,54
DA:380,54
DA:381,54
DA:385,216
DA:562,26
DA:563,26
DA:575,9
DA:576,66
DA:578,7
DA:581,1
DA:606,8
DA:607,4
DA:608,8
DA:610,0
DA:611,0
DA:612,0
DA:613,0
DA:614,0
DA:615,0
DA:616,0
DA:617,0
DA:724,18
DA:729,12
DA:730,54
DA:732,10
DA:735,4
DA:736,0
DA:738,19
DA:803,4
DA:804,4
DA:830,0
DA:831,0
DA:875,2
DA:884,66
DA:999,2
DA:1002,2
DA:1003,2
DA:1004,2
DA:1006,2
DA:1007,2
DA:1008,2
DA:1021,26
DA:1025,26
DA:1101,22
DA:1107,11
DA:1108,22
DA:1134,11
DA:1135,11
DA:1136,11
DA:1137,0
DA:1138,0
DA:1139,0
DA:1140,0
DA:1141,0
DA:1142,0
DA:1144,11
DA:1159,2
DA:1162,2
DA:1163,2
DA:1164,2
DA:1165,2
DA:1166,2
DA:1167,2
DA:1168,2
DA:1169,2
DA:1170,2
DA:1171,2
DA:1172,2
DA:1173,0
DA:1174,0
DA:1175,0
DA:1176,0
DA:1177,2
DA:1218,2
DA:1221,2
DA:1222,2
DA:1290,7
DA:1291,7
DA:1296,8
DA:1297,8
DA:1308,108
DA:1309,108
DA:1313,2
DA:1314,2
DA:1315,0
DA:1316,0
DA:1317,0
DA:1318,0
DA:1319,0
DA:1320,0
DA:1321,0
DA:1322,2
DA:1504,4
DA:1505,4
DA:1506,4
DA:1507,4
DA:1510,4
DA:1511,3
DA:1512,3
DA:1513,3
DA:1514,8
DA:1515,4
DA:1516,2
DA:1517,2
DA:1518,0
DA:1519,2
DA:1520,2
DA:1521,3
DA:1523,4
DA:1524,4
DA:1525,2
DA:1526,2
DA:1527,2
DA:1528,2
DA:1529,2
DA:1531,4
DA:1532,4
DA:1533,3
DA:1534,3
DA:1535,3
DA:1537,3
DA:1538,3
DA:1539,2
DA:1540,3
DA:1541,1
DA:1542,1
DA:1544,4
DA:1546,4
DA:1547,4
DA:1548,4
DA:1550,4
DA:1551,0
DA:1684,2
DA:1685,2
DA:1686,1
DA:1687,1
DA:1688,1
DA:1689,2
DA:1690,2
DA:1691,2
DA:1692,0
DA:1693,0
DA:1695,0
DA:1696,0
DA:1697,0
DA:1698,0
DA:1699,0
DA:1700,2
DA:1704,2
DA:1705,2
DA:1706,2
DA:1707,2
DA:1708,2
DA:1709,9
DA:1710,7
DA:1711,2
DA:1712,2
DA:1713,2
DA:1714,1
DA:1715,1
DA:1716,1
DA:1717,2
DA:1718,1
DA:1719,1
DA:1720,1
DA:1722,0
DA:1723,0
DA:1724,0
DA:1725,0
DA:1726,0
DA:1727,0
DA:1734,0
DA:1735,0
DA:1736,0
DA:1739,1
DA:1740,1
DA:1741,2
DA:1742,2
DA:1747,4
DA:1748,4
DA:1749,4
DA:1750,4
DA:1751,3
DA:1752,3
DA:1753,3
DA:1754,8
DA:1755,4
DA:1756,2
DA:1757,2
DA:1758,0
DA:1759,2
DA:1760,2
DA:1761,3
DA:1762,4
DA:1763,4
DA:1768,54
DA:1769,54
DA:1770,54
DA:1771,54
DA:1772,0
DA:1773,0
DA:1774,0
DA:1775,0
DA:1776,0
DA:1777,0
DA:1778,0
DA:1779,0
DA:1780,0
DA:1781,0
DA:1782,0
DA:1783,54
DA:1784,54
DA:1813,4
DA:1815,4
DA:1816,4
DA:1817,4
DA:1818,4
DA:1819,4
DA:1820,4
DA:1821,4
DA:1822,4
LF:252
LH:182
end_of_record
TN:
SF:/Library/Developer/CommandLineTools/SDKs/MacOSX.sdk/usr/include/c++/v1/__iterator/advance.h
FNL:0,57,59
FNA:0,0,_ZNSt3__19__advanceB8ne190102INS_11__wrap_iterIPPN7testing8TestInfoEEEEEvRT_NS_15iterator_traitsIS7_E15difference_typeENS_26random_access_iterator_tagE
FNA:0,8,_ZNSt3__19__advanceB8ne190102INS_11__wrap_iterIPcEEEEvRT_NS_15iterator_traitsIS4_E15difference_typeENS_26random_access_iterator_tagE
FNL:1,65,72
FNA:1,0,_ZNSt3__17advanceB8ne190102INS_11__wrap_iterIPPN7testing8TestInfoEEEllLi0EEEvRT_T0_
FNA:1,8,_ZNSt3__17advanceB8ne190102INS_11__wrap_iterIPcEEllLi0EEEvRT_T0_
FNF:2
FNH:2
DA:57,8
DA:58,8
DA:59,8
DA:65,8
DA:67,8
DA:71,8
DA:72,8
LF:7
LH:7
end_of_record
TN:
SF:/Library/Developer/CommandLineTools/SDKs/MacOSX.sdk/usr/include/c++/v1/__iterator/distance.h
FNL:0,40,41
FNA:0,0,_ZNSt3__110__distanceB8ne190102INS_11__wrap_iterIPKNS_12basic_stringIcNS_11char_traitsIcEENS_9allocatorIcEEEEEEEENS_15iterator_traitsIT_E15difference_typeESC_SC_NS_26random_access_iterator_tagE
FNA:0,7,_ZNSt3__110__distanceB8ne190102INS_11__wrap_iterIPNS_12basic_stringIcNS_11char_traitsIcEENS_9allocatorIcEEEEEEEENS_15iterator_traitsIT_E15difference_typeESB_SB_NS_26random_access_iterator_tagE
FNA:0,0,_ZNSt3__110__distanceB8ne190102INS_11__wrap_iterIPPN7testing8TestInfoEEEEENS_15iterator_traitsIT_E15difference_typeES8_S8_NS_26random_access_iterator_tagE
FNA:0,0,_ZNSt3__110__distanceB8ne190102INS_13move_iteratorIPNS_12basic_stringIcNS_11char_traitsIcEENS_9allocatorIcEEEEEEEENS_15iterator_traitsIT_E15difference_typeESB_SB_NS_26random_access_iterator_tagE
FNA:0,0,_ZNSt3__110__distanceB8ne190102INS_13move_iteratorIPPN7testing9TestSuiteEEEEENS_15iterator_traitsIT_E15difference_typeES8_S8_NS_26random_access_iterator_tagE
FNA:0,0,_ZNSt3__110__distanceB8ne190102IPKPKcEENS_15iterator_traitsIT_E15difference_typeES6_S6_NS_26random_access_iterator_tagE
FNA:0,0,_ZNSt3__110__distanceB8ne190102IPKcEENS_15iterator_traitsIT_E15difference_typeES4_S4_NS_26random_access_iterator_tagE
FNL:1,46,47
FNA:1,0,_ZNSt3__18distanceB8ne190102INS_11__wrap_iterIPKNS_12basic_stringIcNS_11char_traitsIcEENS_9allocatorIcEEEEEEEENS_15iterator_traitsIT_E15difference_typeESC_SC_
FNA:1,7,_ZNSt3__18distanceB8ne190102INS_11__wrap_iterIPNS_12basic_stringIcNS_11char_traitsIcEENS_9allocatorIcEEEEEEEENS_15iterator_traitsIT_E15difference_typeESB_SB_
FNA:1,0,_ZNSt3__18distanceB8ne190102INS_11__wrap_iterIPPN7testing8TestInfoEEEEENS_15iterator_traitsIT_E15difference_typeES8_S8_
FNA:1,0,_ZNSt3__18distanceB8ne190102INS_13move_iteratorIPNS_12basic_stringIcNS_11char_traitsIcEENS_9allocatorIcEEEEEEEENS_15iterator_traitsIT_E15difference_typeESB_SB_
FNA:1,0,_ZNSt3__18distanceB8ne190102INS_13move_iteratorIPPN7testing9TestSuiteEEEEENS_15iterator_traitsIT_E15difference_typeES8_S8_
FNA:1,0,_ZNSt3__18distanceB8ne190102IPKPKcEENS_15iterator_traitsIT_E15difference_typeES6_S6_
FNA:1,0,_ZNSt3__18distanceB8ne190102IPKcEENS_15iterator_traitsIT_E15difference_typeES4_S4_
FNF:2
FNH:2
DA:40,7
DA:41,7
DA:46,7
DA:47,7
LF:4
LH:4
end_of_record
TN:
SF:/Library/Developer/CommandLineTools/SDKs/MacOSX.sdk/usr/include/c++/v1/__iterator/insert_iterator.h
FNL:0,64,65
FNA:0,7,_ZNSt3__115insert_iteratorINS_13unordered_setINS_12basic_stringIcNS_11char_traitsIcEENS_9allocatorIcEEEENS_4hashIS7_EENS_8equal_toIS7_EENS5_IS7_EEEEEC1B8ne190102ERSD_NS_21__hash_const_iteratorIPNS_11__hash_nodeIS7_PvEEEE
FNA:0,7,_ZNSt3__115insert_iteratorINS_13unordered_setINS_12basic_stringIcNS_11char_traitsIcEENS_9allocatorIcEEEENS_4hashIS7_EENS_8equal_toIS7_EENS5_IS7_EEEEEC2B8ne190102ERSD_NS_21__hash_const_iteratorIPNS_11__hash_nodeIS7_PvEEEE
FNA:0,7,_ZNSt3__115insert_iteratorINS_6vectorINS_12basic_stringIcNS_11char_traitsIcEENS_9allocatorIcEEEENS5_IS7_EEEEEC1B8ne190102ERS9_NS_11__wrap_iterIPS7_EE
FNA:0,7,_ZNSt3__115insert_iteratorINS_6vectorINS_12basic_stringIcNS_11char_traitsIcEENS_9allocatorIcEEEENS5_IS7_EEEEEC2B8ne190102ERS9_NS_11__wrap_iterIPS7_EE
FNL:1,74,77
FNA:1,0,_ZNSt3__115insert_iteratorINS_13unordered_setINS_12basic_stringIcNS_11char_traitsIcEENS_9allocatorIcEEEENS_4hashIS7_EENS_8equal_toIS7_EENS5_IS7_EEEEEaSB8ne190102EOS7_
FNA:1,12,_ZNSt3__115insert_iteratorINS_6vectorINS_12basic_stringIcNS_11char_traitsIcEENS_9allocatorIcEEEENS5_IS7_EEEEEaSB8ne190102EOS7_
FNL:2,80,80
FNA:2,0,_ZNSt3__115insert_iteratorINS_13unordered_setINS_12basic_stringIcNS_11char_traitsIcEENS_9allocatorIcEEEENS_4hashIS7_EENS_8equal_toIS7_EENS5_IS7_EEEEEdeB8ne190102Ev
FNA:2,12,_ZNSt3__115insert_iteratorINS_6vectorINS_12basic_stringIcNS_11char_traitsIcEENS_9allocatorIcEEEENS5_IS7_EEEEEdeB8ne190102Ev
FNL:3,81,81
FNA:3,0,_ZNSt3__115insert_iteratorINS_13unordered_setINS_12basic_stringIcNS_11char_traitsIcEENS_9allocatorIcEEEENS_4hashIS7_EENS_8equal_toIS7_EENS5_IS7_EEEEEppB8ne190102Ev
FNA:3,12,_ZNSt3__115insert_iteratorINS_6vectorINS_12basic_stringIcNS_11char_traitsIcEENS_9allocatorIcEEEENS5_IS7_EEEEEppB8ne190102Ev
FNL:4,87,88
FNA:4,7,_ZNSt3__18inserterB8ne190102INS_13unordered_setINS_12basic_stringIcNS_11char_traitsIcEENS_9allocatorIcEEEENS_4hashIS7_EENS_8equal_toIS7_EENS5_IS7_EEEEEENS_15insert_iteratorIT_EERSF_NSF_8iteratorE
FNA:4,7,_ZNSt3__18inserterB8ne190102INS_6vectorINS_12basic_stringIcNS_11char_traitsIcEENS_9allocatorIcEEEENS5_IS7_EEEEEENS_15insert_iteratorIT_EERSB_NSB_8iteratorE
FNF:5
FNH:5
DA:64,28
DA:65,28
DA:74,12
DA:75,12
DA:76,12
DA:77,12
DA:80,12
DA:81,12
DA:87,14
DA:88,14
LF:10
LH:10
end_of_record
TN:
SF:/Library/Developer/CommandLineTools/SDKs/MacOSX.sdk/usr/include/c++/v1/__iterator/move_iterator.h
FNL:0,112,112
FNA:0,0,_ZNSt3__113move_iteratorIPNS_12basic_stringIcNS_11char_traitsIcEENS_9allocatorIcEEEEEC1B8ne190102ES7_
FNA:0,0,_ZNSt3__113move_iteratorIPNS_12basic_stringIcNS_11char_traitsIcEENS_9allocatorIcEEEEEC2B8ne190102ES7_
FNA:0,0,_ZNSt3__113move_iteratorIPPN7testing9TestSuiteEEC1B8ne190102ES4_
FNA:0,0,_ZNSt3__113move_iteratorIPPN7testing9TestSuiteEEC2B8ne190102ES4_
FNL:1,114,116
FNA:1,0,_ZNSt3__113move_iteratorIPNS_12basic_stringIcNS_11char_traitsIcEENS_9allocatorIcEEEEEppB8ne190102Ev
FNA:1,0,_ZNSt3__113move_iteratorIPPN7testing9TestSuiteEEppB8ne190102Ev
FNL:2,172,172
FNA:2,0,_ZNKSt3__113move_iteratorIPNS_12basic_stringIcNS_11char_traitsIcEENS_9allocatorIcEEEEE4baseB8ne190102Ev
FNA:2,0,_ZNKSt3__113move_iteratorIPPN7testing9TestSuiteEE4baseB8ne190102Ev
FNL:3,174,175
FNA:3,0,_ZNKSt3__113move_iteratorIPNS_12basic_stringIcNS_11char_traitsIcEENS_9allocatorIcEEEEEdeB8ne190102Ev
FNA:3,0,_ZNKSt3__113move_iteratorIPPN7testing9TestSuiteEEdeB8ne190102Ev
FNL:4,303,304
FNA:4,0,_ZNSt3__1miB8ne190102IPNS_12basic_stringIcNS_11char_traitsIcEENS_9allocatorIcEEEES7_EEDTmicldtfp_4baseEcldtfp0_4baseEERKNS_13move_iteratorIT_EERKNS9_IT0_EE
FNA:4,0,_ZNSt3__1miB8ne190102IPPN7testing9TestSuiteES4_EEDTmicldtfp_4baseEcldtfp0_4baseEERKNS_13move_iteratorIT_EERKNS6_IT0_EE
FNF:5
FNH:0
DA:112,0
DA:114,0
DA:115,0
DA:116,0
DA:172,0
DA:174,0
DA:175,0
DA:303,0
DA:304,0
LF:9
LH:0
end_of_record
TN:
SF:/Library/Developer/CommandLineTools/SDKs/MacOSX.sdk/usr/include/c++/v1/__iterator/next.h
FNL:0,29,36
FNA:0,0,_ZNSt3__14nextB8ne190102INS_11__wrap_iterIPPN7testing8TestInfoEEELi0EEET_S7_NS_15iterator_traitsIS7_E15difference_typeE
FNF:1
FNH:0
DA:29,0
DA:35,0
DA:36,0
LF:3
LH:0
end_of_record
TN:
[...]
FNL:9,429,429
FNA:9,0,_ZN7testing8internal15TestFactoryBaseD0Ev
FNA:9,0,_ZN7testing8internal15TestFactoryBaseD1Ev
FNA:9,0,_ZN7testing8internal15TestFactoryBaseD2Ev
FNL:10,436,436
FNA:10,12,_ZN7testing8internal15TestFactoryBaseC2Ev
FNL:11,446
FNA:11,1,_ZN7testing8internal15TestFactoryImplI18IsEqual_Equal_TestEC1Ev
FNA:11,1,_ZN7testing8internal15TestFactoryImplI18IsEqual_Equal_TestEC2Ev
FNA:11,0,_ZN7testing8internal15TestFactoryImplI18IsEqual_Equal_TestED0Ev
FNA:11,0,_ZN7testing8internal15TestFactoryImplI18IsEqual_Equal_TestED1Ev
FNA:11,0,_ZN7testing8internal15TestFactoryImplI18IsEqual_Equal_TestED2Ev
FNA:11,1,_ZN7testing8internal15TestFactoryImplI19LessThan_byDay_TestEC1Ev
FNA:11,1,_ZN7testing8internal15TestFactoryImplI19LessThan_byDay_TestEC2Ev
FNA:11,0,_ZN7testing8internal15TestFactoryImplI19LessThan_byDay_TestED0Ev
FNA:11,0,_ZN7testing8internal15TestFactoryImplI19LessThan_byDay_TestED1Ev
FNA:11,0,_ZN7testing8internal15TestFactoryImplI19LessThan_byDay_TestED2Ev
FNA:11,1,_ZN7testing8internal15TestFactoryImplI20LessThan_byYear_TestEC1Ev
FNA:11,1,_ZN7testing8internal15TestFactoryImplI20LessThan_byYear_TestEC2Ev
FNA:11,0,_ZN7testing8internal15TestFactoryImplI20LessThan_byYear_TestED0Ev
FNA:11,0,_ZN7testing8internal15TestFactoryImplI20LessThan_byYear_TestED1Ev
FNA:11,0,_ZN7testing8internal15TestFactoryImplI20LessThan_byYear_TestED2Ev
FNA:11,1,_ZN7testing8internal15TestFactoryImplI21IsNotEqual_byDay_TestEC1Ev
FNA:11,1,_ZN7testing8internal15TestFactoryImplI21IsNotEqual_byDay_TestEC2Ev
FNA:11,0,_ZN7testing8internal15TestFactoryImplI21IsNotEqual_byDay_TestED0Ev
FNA:11,0,_ZN7testing8internal15TestFactoryImplI21IsNotEqual_byDay_TestED1Ev
FNA:11,0,_ZN7testing8internal15TestFactoryImplI21IsNotEqual_byDay_TestED2Ev
FNA:11,1,_ZN7testing8internal15TestFactoryImplI21LessThan_byMonth_TestEC1Ev
FNA:11,1,_ZN7testing8internal15TestFactoryImplI21LessThan_byMonth_TestEC2Ev
FNA:11,0,_ZN7testing8internal15TestFactoryImplI21LessThan_byMonth_TestED0Ev
FNA:11,0,_ZN7testing8internal15TestFactoryImplI21LessThan_byMonth_TestED1Ev
FNA:11,0,_ZN7testing8internal15TestFactoryImplI21LessThan_byMonth_TestED2Ev
FNA:11,1,_ZN7testing8internal15TestFactoryImplI21LessThan_isEqual_TestEC1Ev
FNA:11,1,_ZN7testing8internal15TestFactoryImplI21LessThan_isEqual_TestEC2Ev
FNA:11,0,_ZN7testing8internal15TestFactoryImplI21LessThan_isEqual_TestED0Ev
FNA:11,0,_ZN7testing8internal15TestFactoryImplI21LessThan_isEqual_TestED1Ev
FNA:11,0,_ZN7testing8internal15TestFactoryImplI21LessThan_isEqual_TestED2Ev
FNA:11,1,_ZN7testing8internal15TestFactoryImplI22GreaterThan_byDay_TestEC1Ev
FNA:11,1,_ZN7testing8internal15TestFactoryImplI22GreaterThan_byDay_TestEC2Ev
FNA:11,0,_ZN7testing8internal15TestFactoryImplI22GreaterThan_byDay_TestED0Ev
FNA:11,0,_ZN7testing8internal15TestFactoryImplI22GreaterThan_byDay_TestED1Ev
FNA:11,0,_ZN7testing8internal15TestFactoryImplI22GreaterThan_byDay_TestED2Ev
FNA:11,1,_ZN7testing8internal15TestFactoryImplI22IsNotEqual_byYear_TestEC1Ev
FNA:11,1,_ZN7testing8internal15TestFactoryImplI22IsNotEqual_byYear_TestEC2Ev
FNA:11,0,_ZN7testing8internal15TestFactoryImplI22IsNotEqual_byYear_TestED0Ev
FNA:11,0,_ZN7testing8internal15TestFactoryImplI22IsNotEqual_byYear_TestED1Ev
FNA:11,0,_ZN7testing8internal15TestFactoryImplI22IsNotEqual_byYear_TestED2Ev
FNA:11,1,_ZN7testing8internal15TestFactoryImplI23GreaterThan_byYear_TestEC1Ev
FNA:11,1,_ZN7testing8internal15TestFactoryImplI23GreaterThan_byYear_TestEC2Ev
FNA:11,0,_ZN7testing8internal15TestFactoryImplI23GreaterThan_byYear_TestED0Ev
FNA:11,0,_ZN7testing8internal15TestFactoryImplI23GreaterThan_byYear_TestED1Ev
FNA:11,0,_ZN7testing8internal15TestFactoryImplI23GreaterThan_byYear_TestED2Ev
FNA:11,1,_ZN7testing8internal15TestFactoryImplI23IsNotEqual_byMonth_TestEC1Ev
FNA:11,1,_ZN7testing8internal15TestFactoryImplI23IsNotEqual_byMonth_TestEC2Ev
FNA:11,0,_ZN7testing8internal15TestFactoryImplI23IsNotEqual_byMonth_TestED0Ev
FNA:11,0,_ZN7testing8internal15TestFactoryImplI23IsNotEqual_byMonth_TestED1Ev
FNA:11,0,_ZN7testing8internal15TestFactoryImplI23IsNotEqual_byMonth_TestED2Ev
FNA:11,1,_ZN7testing8internal15TestFactoryImplI24GreaterThan_byMonth_TestEC1Ev
FNA:11,1,_ZN7testing8internal15TestFactoryImplI24GreaterThan_byMonth_TestEC2Ev
FNA:11,0,_ZN7testing8internal15TestFactoryImplI24GreaterThan_byMonth_TestED0Ev
FNA:11,0,_ZN7testing8internal15TestFactoryImplI24GreaterThan_byMonth_TestED1Ev
FNA:11,0,_ZN7testing8internal15TestFactoryImplI24GreaterThan_byMonth_TestED2Ev
FNA:11,1,_ZN7testing8internal15TestFactoryImplI24GreaterThan_isEqual_TestEC1Ev
FNA:11,1,_ZN7testing8internal15TestFactoryImplI24GreaterThan_isEqual_TestEC2Ev
FNA:11,0,_ZN7testing8internal15TestFactoryImplI24GreaterThan_isEqual_TestED0Ev
FNA:11,0,_ZN7testing8internal15TestFactoryImplI24GreaterThan_isEqual_TestED1Ev
FNA:11,0,_ZN7testing8internal15TestFactoryImplI24GreaterThan_isEqual_TestED2Ev
FNL:12,448,448
FNA:12,1,_ZN7testing8internal15TestFactoryImplI18IsEqual_Equal_TestE10CreateTestEv
FNA:12,1,_ZN7testing8internal15TestFactoryImplI19LessThan_byDay_TestE10CreateTestEv
FNA:12,1,_ZN7testing8internal15TestFactoryImplI20LessThan_byYear_TestE10CreateTestEv
FNA:12,1,_ZN7testing8internal15TestFactoryImplI21IsNotEqual_byDay_TestE10CreateTestEv
FNA:12,1,_ZN7testing8internal15TestFactoryImplI21LessThan_byMonth_TestE10CreateTestEv
FNA:12,1,_ZN7testing8internal15TestFactoryImplI21LessThan_isEqual_TestE10CreateTestEv
FNA:12,1,_ZN7testing8internal15TestFactoryImplI22GreaterThan_byDay_TestE10CreateTestEv
FNA:12,1,_ZN7testing8internal15TestFactoryImplI22IsNotEqual_byYear_TestE10CreateTestEv
FNA:12,1,_ZN7testing8internal15TestFactoryImplI23GreaterThan_byYear_TestE10CreateTestEv
FNA:12,1,_ZN7testing8internal15TestFactoryImplI23IsNotEqual_byMonth_TestE10CreateTestEv
FNA:12,1,_ZN7testing8internal15TestFactoryImplI24GreaterThan_byMonth_TestE10CreateTestEv
FNA:12,1,_ZN7testing8internal15TestFactoryImplI24GreaterThan_isEqual_TestE10CreateTestEv
FNL:13,468
FNA:13,24,_ZN7testing8internal12CodeLocationC1EOS1_
FNA:13,0,_ZN7testing8internal12CodeLocationC1ERKS1_
FNA:13,24,_ZN7testing8internal12CodeLocationC2EOS1_
FNA:13,0,_ZN7testing8internal12CodeLocationC2ERKS1_
FNA:13,24,_ZN7testing8internal12CodeLocationD1Ev
FNA:13,24,_ZN7testing8internal12CodeLocationD2Ev
FNL:14,469,470
FNA:14,12,_ZN7testing8internal12CodeLocationC1ENSt3__112basic_stringIcNS2_11char_traitsIcEENS2_9allocatorIcEEEEi
FNA:14,12,_ZN7testing8internal12CodeLocationC2ENSt3__112basic_stringIcNS2_11char_traitsIcEENS2_9allocatorIcEEEEi
FNL:15,482,484
FNA:15,48,_ZN7testing8internal19GetNotDefaultOrNullEPFvvES2_
FNL:16,497,516
FNA:16,0,_ZN7testing8internal16SuiteApiResolverINS0_12_GLOBAL__N_111FailureTestEE19GetSetUpCaseOrSuiteEPKci
FNA:16,12,_ZN7testing8internal16SuiteApiResolverINS_4TestEE19GetSetUpCaseOrSuiteEPKci
FNL:17,518,537
FNA:17,0,_ZN7testing8internal16SuiteApiResolverINS0_12_GLOBAL__N_111FailureTestEE22GetTearDownCaseOrSuiteEPKci
FNA:17,12,_ZN7testing8internal16SuiteApiResolverINS_4TestEE22GetTearDownCaseOrSuiteEPKci
FNL:18,627,635
FNA:18,0,_ZN7testing8internal9SkipCommaEPKc
FNL:19,639,641
FNA:19,0,_ZN7testing8internal19GetPrefixUntilCommaEPKc
FNL:20,815,815
FNA:20,0,_ZN7testing8internal11AlwaysFalseEv
FNL:21,845,845
FNA:21,1,_ZN7testing8internal6RandomC1Ej
FNA:21,1,_ZN7testing8internal6RandomC2Ej
FNL:22,847,847
FNA:22,0,_ZN7testing8internal6Random6ReseedEj
FNF:23
FNH:10
DA:293,0
DA:315,0
DA:318,0
DA:324,0
DA:327,0
DA:336,0
DA:339,0
DA:341,0
DA:342,0
DA:360,0
DA:361,0
DA:363,0
DA:366,0
DA:368,0
DA:372,0
DA:373,0
DA:374,0
DA:375,0
DA:410,13
DA:415,13
DA:429,0
DA:436,12
DA:448,12
DA:469,24
DA:470,24
DA:482,48
DA:484,48
DA:497,12
DA:500,12
DA:501,12
DA:502,12
DA:503,12
DA:505,12
DA:506,0
DA:508,0
DA:510,12
DA:516,0
DA:518,12
DA:521,12
DA:522,12
DA:523,12
DA:524,12
DA:526,12
DA:527,0
DA:529,0
DA:531,12
DA:537,0
DA:627,0
DA:628,0
DA:629,0
DA:630,0
DA:632,0
DA:634,0
DA:635,0
DA:639,0
DA:640,0
DA:641,0
DA:815,0
DA:845,2
DA:847,0
LF:60
LH:23
end_of_record
TN:
SF:/Users/kanecolivares/AndroidStudioProjects/MobileInventory/app/src/main/cpp/googletest/googletest/include/gtest/internal/gtest-param-util.h
FNL:0,693,693
FNA:0,1,_ZN7testing8internal30ParameterizedTestSuiteRegistryC1Ev
FNA:0,1,_ZN7testing8internal30ParameterizedTestSuiteRegistryC2Ev
FNL:1,694,698
FNA:1,0,_ZN7testing8internal30ParameterizedTestSuiteRegistryD1Ev
FNA:1,0,_ZN7testing8internal30ParameterizedTestSuiteRegistryD2Ev
FNL:2,734,738
FNA:2,1,_ZN7testing8internal30ParameterizedTestSuiteRegistry13RegisterTestsEv
FNL:3,765
FNA:3,1,_ZN7testing8internal34TypeParameterizedTestSuiteRegistryC1Ev
FNA:3,1,_ZN7testing8internal34TypeParameterizedTestSuiteRegistryC2Ev
FNA:3,0,_ZN7testing8internal34TypeParameterizedTestSuiteRegistryD1Ev
FNA:3,0,_ZN7testing8internal34TypeParameterizedTestSuiteRegistryD2Ev
FNL:4,779
FNA:4,0,_ZN7testing8internal34TypeParameterizedTestSuiteRegistry30TypeParameterizedTestSuiteInfoC1EOS2_
FNA:4,0,_ZN7testing8internal34TypeParameterizedTestSuiteRegistry30TypeParameterizedTestSuiteInfoC1ERKS2_
FNA:4,0,_ZN7testing8internal34TypeParameterizedTestSuiteRegistry30TypeParameterizedTestSuiteInfoC2EOS2_
FNA:4,0,_ZN7testing8internal34TypeParameterizedTestSuiteRegistry30TypeParameterizedTestSuiteInfoC2ERKS2_
FNA:4,0,_ZN7testing8internal34TypeParameterizedTestSuiteRegistry30TypeParameterizedTestSuiteInfoD1Ev
FNA:4,0,_ZN7testing8internal34TypeParameterizedTestSuiteRegistry30TypeParameterizedTestSuiteInfoD2Ev
FNL:5,780,781
FNA:5,0,_ZN7testing8internal34TypeParameterizedTestSuiteRegistry30TypeParameterizedTestSuiteInfoC1ENS0_12CodeLocationE
FNA:5,0,_ZN7testing8internal34TypeParameterizedTestSuiteRegistry30TypeParameterizedTestSuiteInfoC2ENS0_12CodeLocationE
FNF:6
FNH:3
DA:693,2
DA:694,0
DA:695,0
DA:696,0
DA:698,0
DA:734,1
DA:735,1
DA:736,0
DA:738,1
DA:780,0
DA:781,0
LF:11
LH:4
end_of_record
TN:
SF:/Users/kanecolivares/AndroidStudioProjects/MobileInventory/app/src/main/cpp/googletest/googletest/include/gtest/internal/gtest-port.h
FNL:0,1037,1037
FNA:0,0,_ZN7testing8internal8GTestLog9GetStreamEv
FNL:1,1053,1053
FNA:1,0,_ZN7testing8internal11LogToStderrEv
FNL:2,1054,1054
FNA:2,0,_ZN7testing8internal12FlushInfoLogEv
FNL:3,1135,1136
FNA:3,0,_ZN7testing8internal13ImplicitCast_IPKvEET_S4_
FNL:4,1145,1152
FNA:4,0,_ZN7testing8internal27CheckedDowncastToActualTypeINS0_11ThreadLocalINSt3__16vectorINS0_9TraceInfoENS3_9allocatorIS5_EEEEE11ValueHolderENS0_26ThreadLocalValueHolderBaseEEEPT_PT0_
FNA:4,0,_ZN7testing8internal27CheckedDowncastToActualTypeINS0_11ThreadLocalIPNS_31TestPartResultReporterInterfaceEE11ValueHolderENS0_26ThreadLocalValueHolderBaseEEEPT_PT0_
FNL:5,1644,1648
FNA:5,32,_ZN7testing8internal9MutexBase4LockEv
FNL:6,1651,1658
FNA:6,32,_ZN7testing8internal9MutexBase6UnlockEv
FNL:7,1701,1704
FNA:7,19,_ZN7testing8internal5MutexC1Ev
FNA:7,19,_ZN7testing8internal5MutexC2Ev
FNL:8,1705,1705
FNA:8,0,_ZN7testing8internal5MutexD1Ev
FNA:8,0,_ZN7testing8internal5MutexD2Ev
FNL:9,1719,1719
FNA:9,32,_ZN7testing8internal14GTestMutexLockC1EPNS0_9MutexBaseE
FNA:9,32,_ZN7testing8internal14GTestMutexLockC2EPNS0_9MutexBaseE
FNL:10,1721,1721
FNA:10,32,_ZN7testing8internal14GTestMutexLockD1Ev
FNA:10,32,_ZN7testing8internal14GTestMutexLockD2Ev
FNL:11,1738
FNA:11,0,_ZN7testing8internal26ThreadLocalValueHolderBaseC2Ev
FNL:12,1740,1740
FNA:12,0,_ZN7testing8internal26ThreadLocalValueHolderBaseD0Ev
FNA:12,0,_ZN7testing8internal26ThreadLocalValueHolderBaseD1Ev
FNA:12,0,_ZN7testing8internal26ThreadLocalValueHolderBaseD2Ev
FNL:13,1745,1747
FNA:13,0,DeleteThreadLocalValue
FNL:14,1753,1754
FNA:14,1,_ZN7testing8internal11ThreadLocalINSt3__16vectorINS0_9TraceInfoENS2_9allocatorIS4_EEEEEC1Ev
FNA:14,1,_ZN7testing8internal11ThreadLocalINSt3__16vectorINS0_9TraceInfoENS2_9allocatorIS4_EEEEEC2Ev
FNL:15,1755,1757
FNA:15,1,_ZN7testing8internal11ThreadLocalIPNS_31TestPartResultReporterInterfaceEEC1ERKS3_
FNA:15,1,_ZN7testing8internal11ThreadLocalIPNS_31TestPartResultReporterInterfaceEEC2ERKS3_
FNL:16,1759,1766
FNA:16,0,_ZN7testing8internal11ThreadLocalINSt3__16vectorINS0_9TraceInfoENS2_9allocatorIS4_EEEEED1Ev
FNA:16,0,_ZN7testing8internal11ThreadLocalINSt3__16vectorINS0_9TraceInfoENS2_9allocatorIS4_EEEEED2Ev
FNA:16,0,_ZN7testing8internal11ThreadLocalIPNS_31TestPartResultReporterInterfaceEED1Ev
FNA:16,0,_ZN7testing8internal11ThreadLocalIPNS_31TestPartResultReporterInterfaceEED2Ev
FNL:17,1768,1768
FNA:17,0,_ZN7testing8internal11ThreadLocalINSt3__16vectorINS0_9TraceInfoENS2_9allocatorIS4_EEEEE7pointerEv
FNA:17,0,_ZN7testing8internal11ThreadLocalIPNS_31TestPartResultReporterInterfaceEE7pointerEv
FNL:18,1769,1769
FNA:18,0,_ZNK7testing8internal11ThreadLocalIPNS_31TestPartResultReporterInterfaceEE7pointerEv
FNL:19,1770,1770
FNA:19,0,_ZNK7testing8internal11ThreadLocalIPNS_31TestPartResultReporterInterfaceEE3getEv
FNL:20,1771,1771
FNA:20,0,_ZN7testing8internal11ThreadLocalIPNS_31TestPartResultReporterInterfaceEE3setERKS3_
FNL:21,1775
FNA:21,0,_ZN7testing8internal11ThreadLocalINSt3__16vectorINS0_9TraceInfoENS2_9allocatorIS4_EEEEE11ValueHolderD0Ev
FNA:21,0,_ZN7testing8internal11ThreadLocalINSt3__16vectorINS0_9TraceInfoENS2_9allocatorIS4_EEEEE11ValueHolderD1Ev
FNA:21,0,_ZN7testing8internal11ThreadLocalINSt3__16vectorINS0_9TraceInfoENS2_9allocatorIS4_EEEEE11ValueHolderD2Ev
FNA:21,0,_ZN7testing8internal11ThreadLocalIPNS_31TestPartResultReporterInterfaceEE11ValueHolderD0Ev
FNA:21,0,_ZN7testing8internal11ThreadLocalIPNS_31TestPartResultReporterInterfaceEE11ValueHolderD1Ev
FNA:21,0,_ZN7testing8internal11ThreadLocalIPNS_31TestPartResultReporterInterfaceEE11ValueHolderD2Ev
FNL:22,1777,1777
FNA:22,0,_ZN7testing8internal11ThreadLocalINSt3__16vectorINS0_9TraceInfoENS2_9allocatorIS4_EEEEE11ValueHolderC1Ev
FNA:22,0,_ZN7testing8internal11ThreadLocalINSt3__16vectorINS0_9TraceInfoENS2_9allocatorIS4_EEEEE11ValueHolderC2Ev
FNL:23,1778,1778
FNA:23,0,_ZN7testing8internal11ThreadLocalIPNS_31TestPartResultReporterInterfaceEE11ValueHolderC1ERKS3_
FNA:23,0,_ZN7testing8internal11ThreadLocalIPNS_31TestPartResultReporterInterfaceEE11ValueHolderC2ERKS3_
FNL:24,1780,1780
FNA:24,0,_ZN7testing8internal11ThreadLocalINSt3__16vectorINS0_9TraceInfoENS2_9allocatorIS4_EEEEE11ValueHolder7pointerEv
FNA:24,0,_ZN7testing8internal11ThreadLocalIPNS_31TestPartResultReporterInterfaceEE11ValueHolder7pointerEv
FNL:25,1788,1795
FNA:25,1,_ZN7testing8internal11ThreadLocalINSt3__16vectorINS0_9TraceInfoENS2_9allocatorIS4_EEEEE9CreateKeyEv
FNA:25,1,_ZN7testing8internal11ThreadLocalIPNS_31TestPartResultReporterInterfaceEE9CreateKeyEv
FNL:26,1797,1808
FNA:26,0,_ZNK7testing8internal11ThreadLocalINSt3__16vectorINS0_9TraceInfoENS2_9allocatorIS4_EEEEE16GetOrCreateValueEv
FNA:26,0,_ZNK7testing8internal11ThreadLocalIPNS_31TestPartResultReporterInterfaceEE16GetOrCreateValueEv
FNL:27,1812,1812
FNA:27,1,_ZN7testing8internal11ThreadLocalINSt3__16vectorINS0_9TraceInfoENS2_9allocatorIS4_EEEEE18ValueHolderFactoryC2Ev
FNA:27,1,_ZN7testing8internal11ThreadLocalIPNS_31TestPartResultReporterInterfaceEE18ValueHolderFactoryC2Ev
FNL:28,1813,1813
FNA:28,0,_ZN7testing8internal11ThreadLocalINSt3__16vectorINS0_9TraceInfoENS2_9allocatorIS4_EEEEE18ValueHolderFactoryD0Ev
FNA:28,0,_ZN7testing8internal11ThreadLocalINSt3__16vectorINS0_9TraceInfoENS2_9allocatorIS4_EEEEE18ValueHolderFactoryD1Ev
FNA:28,0,_ZN7testing8internal11ThreadLocalINSt3__16vectorINS0_9TraceInfoENS2_9allocatorIS4_EEEEE18ValueHolderFactoryD2Ev
FNA:28,0,_ZN7testing8internal11ThreadLocalIPNS_31TestPartResultReporterInterfaceEE18ValueHolderFactoryD0Ev
FNA:28,0,_ZN7testing8internal11ThreadLocalIPNS_31TestPartResultReporterInterfaceEE18ValueHolderFactoryD1Ev
FNA:28,0,_ZN7testing8internal11ThreadLocalIPNS_31TestPartResultReporterInterfaceEE18ValueHolderFactoryD2Ev
FNL:29,1821
FNA:29,0,_ZN7testing8internal11ThreadLocalINSt3__16vectorINS0_9TraceInfoENS2_9allocatorIS4_EEEEE25DefaultValueHolderFactoryD0Ev
FNA:29,0,_ZN7testing8internal11ThreadLocalINSt3__16vectorINS0_9TraceInfoENS2_9allocatorIS4_EEEEE25DefaultValueHolderFactoryD1Ev
FNA:29,0,_ZN7testing8internal11ThreadLocalINSt3__16vectorINS0_9TraceInfoENS2_9allocatorIS4_EEEEE25DefaultValueHolderFactoryD2Ev
FNL:30,1823,1823
FNA:30,1,_ZN7testing8internal11ThreadLocalINSt3__16vectorINS0_9TraceInfoENS2_9allocatorIS4_EEEEE25DefaultValueHolderFactoryC1Ev
FNA:30,1,_ZN7testing8internal11ThreadLocalINSt3__16vectorINS0_9TraceInfoENS2_9allocatorIS4_EEEEE25DefaultValueHolderFactoryC2Ev
FNL:31,1824,1824
FNA:31,0,_ZNK7testing8internal11ThreadLocalINSt3__16vectorINS0_9TraceInfoENS2_9allocatorIS4_EEEEE25DefaultValueHolderFactory13MakeNewHolderEv
FNL:32,1832
FNA:32,0,_ZN7testing8internal11ThreadLocalIPNS_31TestPartResultReporterInterfaceEE26InstanceValueHolderFactoryD0Ev
FNA:32,0,_ZN7testing8internal11ThreadLocalIPNS_31TestPartResultReporterInterfaceEE26InstanceValueHolderFactoryD1Ev
FNA:32,0,_ZN7testing8internal11ThreadLocalIPNS_31TestPartResultReporterInterfaceEE26InstanceValueHolderFactoryD2Ev
FNL:33,1834,1834
FNA:33,1,_ZN7testing8internal11ThreadLocalIPNS_31TestPartResultReporterInterfaceEE26InstanceValueHolderFactoryC1ERKS3_
FNA:33,1,_ZN7testing8internal11ThreadLocalIPNS_31TestPartResultReporterInterfaceEE26InstanceValueHolderFactoryC2ERKS3_
FNL:34,1835,1837
FNA:34,0,_ZNK7testing8internal11ThreadLocalIPNS_31TestPartResultReporterInterfaceEE26InstanceValueHolderFactory13MakeNewHolderEv
FNL:35,1930,1931
FNA:35,0,_ZN7testing8internal7IsDigitEc
FNL:36,1936,1937
FNA:36,0,_ZN7testing8internal7IsSpaceEc
FNL:37,1942,1943
FNA:37,0,_ZN7testing8internal8IsXDigitEc
FNL:38,1950,1952
FNA:38,0,_ZN7testing8internal8IsXDigitEDs
FNL:39,1954,1956
FNA:39,0,_ZN7testing8internal8IsXDigitEDi
FNL:40,1958,1960
FNA:40,0,_ZN7testing8internal8IsXDigitEw
FNL:41,1966,1967
FNA:41,472,_ZN7testing8internal7ToUpperEc
FNL:42,1970,1973
FNA:42,0,_ZN7testing8internal19StripTrailingSpacesENSt3__112basic_stringIcNS1_11char_traitsIcEENS1_9allocatorIcEEEE
FNL:43,2022,2022
FNA:43,1,_ZN7testing8internal5posix6FileNoEP7__sFILE
FNL:44,2024,2024
FNA:44,0,_ZN7testing8internal5posix4StatEPKcP4stat
FNL:45,2031,2031
FNA:45,0,_ZN7testing8internal5posix5IsDirERK4stat
FNL:46,2060,2060
FNA:46,1,_ZN7testing8internal5posix8DoIsATTYEi
FNL:47,2061,2062
FNA:47,2,_ZN7testing8internal5posix10StrCaseCmpEPKcS3_
FNL:48,2067,2075
FNA:48,1,_ZN7testing8internal5posix6IsATTYEi
FNL:49,2092,2100
FNA:49,0,_ZN7testing8internal5posix5FOpenEPKcS3_
FNL:50,2107,2107
FNA:50,0,_ZN7testing8internal5posix6FDOpenEiPKc
FNL:51,2109,2109
FNA:51,0,_ZN7testing8internal5posix6FCloseEP7__sFILE
FNL:52,2111,2112
FNA:52,0,_ZN7testing8internal5posix4ReadEiPvj
FNL:53,2114,2115
FNA:53,0,_ZN7testing8internal5posix5WriteEiPKvj
FNL:54,2117,2117
FNA:54,0,_ZN7testing8internal5posix5CloseEi
FNL:55,2122,2122
FNA:55,0,_ZN7testing8internal5posix8StrErrorEi
FNL:56,2125,2138
FNA:56,33,_ZN7testing8internal5posix6GetEnvEPKc
FNL:57,2150,2150
FNA:57,0,_ZN7testing8internal5posix5AbortEv
FNF:58
FNH:17
DA:1037,0
DA:1053,0
DA:1054,0
DA:1135,0
DA:1136,0
DA:1145,0
DA:1149,0
DA:1151,0
DA:1152,0
DA:1644,32
DA:1645,32
DA:1646,32
DA:1647,32
DA:1648,32
DA:1651,32
DA:1656,32
DA:1657,32
DA:1658,32
DA:1701,38
DA:1702,19
DA:1703,19
DA:1704,38
DA:1705,0
DA:1719,64
DA:1721,64
DA:1740,0
DA:1745,0
DA:1746,0
DA:1747,0
DA:1753,2
DA:1754,2
DA:1755,2
DA:1756,1
DA:1757,2
DA:1759,0
DA:1761,0
DA:1765,0
DA:1766,0
DA:1768,0
DA:1769,0
DA:1770,0
DA:1771,0
DA:1777,0
DA:1778,0
DA:1780,0
DA:1788,2
DA:1792,2
DA:1794,2
DA:1795,0
DA:1797,0
DA:1798,0
DA:1799,0
DA:1800,0
DA:1801,0
DA:1804,0
DA:1805,0
DA:1806,0
DA:1807,0
DA:1808,0
DA:1812,2
DA:1813,0
DA:1823,2
DA:1824,0
DA:1834,2
DA:1835,0
DA:1836,0
DA:1837,0
DA:1930,0
DA:1931,0
DA:1936,0
DA:1937,0
DA:1942,0
DA:1943,0
DA:1950,0
DA:1951,0
DA:1952,0
DA:1954,0
DA:1955,0
DA:1956,0
DA:1958,0
DA:1959,0
DA:1960,0
DA:1966,472
DA:1967,472
DA:1970,0
DA:1971,0
DA:1972,0
DA:1973,0
DA:2022,1
DA:2024,0
DA:2031,0
DA:2060,1
DA:2061,2
DA:2062,2
DA:2067,1
DA:2071,1
DA:2072,1
DA:2073,1
DA:2075,1
DA:2092,0
DA:2100,0
DA:2107,0
DA:2109,0
DA:2111,0
DA:2112,0
DA:2114,0
DA:2115,0
DA:2117,0
DA:2122,0
DA:2125,33
DA:2138,33
DA:2150,0
LF:112
LH:39
end_of_record
TN:
SF:/Users/kanecolivares/AndroidStudioProjects/MobileInventory/app/src/main/cpp/googletest/googletest/src/gtest-all.cc
